Using pre-set license
Built from '2021.3/staging' branch; Version is '2021.3.7f1 (24e8595d6d43) revision 2418777'; Using compiler version '192829333'; Build Type 'Release'
OS: 'Windows 10  (10.0.19045) 64bit ProfessionalWorkstation' Language: 'ru' Physical Memory: 16006 MB
BatchMode: 1, IsHumanControllingUs: 0, StartBugReporterOnCrash: 0, Is64bit: 1, IsPro: 1

COMMAND LINE ARGUMENTS:
C:\Program Files\Unity\Hub\Editor\2021.3.7f1\Editor\Unity.exe
-adb2
-batchMode
-noUpm
-name
AssetImportWorker0
-projectPath
C:/Users/admin/source/repos/MakarovOleg1988/TopDownShooter
-logFile
Logs/AssetImportWorker0.log
-srvPort
56678
Successfully changed project path to: C:/Users/admin/source/repos/MakarovOleg1988/TopDownShooter
C:/Users/admin/source/repos/MakarovOleg1988/TopDownShooter
[UnityMemory] Configuration Parameters - Can be set up in boot.config
    "memorysetup-bucket-allocator-granularity=16"
    "memorysetup-bucket-allocator-bucket-count=8"
    "memorysetup-bucket-allocator-block-size=33554432"
    "memorysetup-bucket-allocator-block-count=8"
    "memorysetup-main-allocator-block-size=16777216"
    "memorysetup-thread-allocator-block-size=16777216"
    "memorysetup-gfx-main-allocator-block-size=16777216"
    "memorysetup-gfx-thread-allocator-block-size=16777216"
    "memorysetup-cache-allocator-block-size=4194304"
    "memorysetup-typetree-allocator-block-size=2097152"
    "memorysetup-profiler-bucket-allocator-granularity=16"
    "memorysetup-profiler-bucket-allocator-bucket-count=8"
    "memorysetup-profiler-bucket-allocator-block-size=33554432"
    "memorysetup-profiler-bucket-allocator-block-count=8"
    "memorysetup-profiler-allocator-block-size=16777216"
    "memorysetup-profiler-editor-allocator-block-size=1048576"
    "memorysetup-temp-allocator-size-main=16777216"
    "memorysetup-job-temp-allocator-block-size=2097152"
    "memorysetup-job-temp-allocator-block-size-background=1048576"
    "memorysetup-job-temp-allocator-reduction-small-platforms=262144"
    "memorysetup-temp-allocator-size-background-worker=32768"
    "memorysetup-temp-allocator-size-job-worker=262144"
    "memorysetup-temp-allocator-size-preload-manager=33554432"
    "memorysetup-temp-allocator-size-nav-mesh-worker=65536"
    "memorysetup-temp-allocator-size-audio-worker=65536"
    "memorysetup-temp-allocator-size-cloud-worker=32768"
    "memorysetup-temp-allocator-size-gi-baking-worker=262144"
    "memorysetup-temp-allocator-size-gfx=262144"
Refreshing native plugins compatible for Editor in 89.09 ms, found 3 plugins.
Preloading 0 native plugins for Editor in 0.00 ms.
Initialize engine version: 2021.3.7f1 (24e8595d6d43)
[Subsystems] Discovering subsystems at path C:/Program Files/Unity/Hub/Editor/2021.3.7f1/Editor/Data/Resources/UnitySubsystems
[Subsystems] Discovering subsystems at path C:/Users/admin/source/repos/MakarovOleg1988/TopDownShooter/Assets
GfxDevice: creating device client; threaded=0; jobified=0
Direct3D:
    Version:  Direct3D 11.0 [level 11.1]
    Renderer: NVIDIA Quadro RTX 3000 (ID=0x1f36)
    Vendor:   NVIDIA
    VRAM:     5968 MB
    Driver:   31.0.15.2859
Initialize mono
Mono path[0] = 'C:/Program Files/Unity/Hub/Editor/2021.3.7f1/Editor/Data/Managed'
Mono path[1] = 'C:/Program Files/Unity/Hub/Editor/2021.3.7f1/Editor/Data/MonoBleedingEdge/lib/mono/unityjit-win32'
Mono config path = 'C:/Program Files/Unity/Hub/Editor/2021.3.7f1/Editor/Data/MonoBleedingEdge/etc'
Using monoOptions --debugger-agent=transport=dt_socket,embedding=1,server=y,suspend=n,address=127.0.0.1:56112
Begin MonoManager ReloadAssembly
Registering precompiled unity dll's ...
Register platform support module: C:/Program Files/Unity/Hub/Editor/2021.3.7f1/Editor/Data/PlaybackEngines/AndroidPlayer/UnityEditor.Android.Extensions.dll
Register platform support module: C:/Program Files/Unity/Hub/Editor/2021.3.7f1/Editor/Data/PlaybackEngines/iOSSupport/UnityEditor.iOS.Extensions.dll
Register platform support module: C:/Program Files/Unity/Hub/Editor/2021.3.7f1/Editor/Data/PlaybackEngines/WindowsStandaloneSupport/UnityEditor.WindowsStandalone.Extensions.dll
Registered in 0.007735 seconds.
Native extension for WindowsStandalone target not found
[usbmuxd] Start listen thread
[usbmuxd] Listen thread started
Native extension for iOS target not found
Native extension for Android target not found
Refreshing native plugins compatible for Editor in 87.55 ms, found 3 plugins.
Preloading 0 native plugins for Editor in 0.00 ms.
Mono: successfully reloaded assembly
- Completed reload, in  0.654 seconds
Domain Reload Profiling:
	ReloadAssembly (655ms)
		BeginReloadAssembly (70ms)
			ExecutionOrderSort (0ms)
			DisableScriptedObjects (0ms)
			BackupInstance (0ms)
			ReleaseScriptingObjects (0ms)
			CreateAndSetChildDomain (1ms)
		EndReloadAssembly (478ms)
			LoadAssemblies (69ms)
			RebuildTransferFunctionScriptingTraits (0ms)
			SetupTypeCache (106ms)
			ReleaseScriptCaches (0ms)
			RebuildScriptCaches (27ms)
			SetupLoadedEditorAssemblies (293ms)
				LogAssemblyErrors (0ms)
				InitializePlatformSupportModulesInManaged (62ms)
				SetLoadedEditorAssemblies (0ms)
				RefreshPlugins (88ms)
				BeforeProcessingInitializeOnLoad (1ms)
				ProcessInitializeOnLoadAttributes (96ms)
				ProcessInitializeOnLoadMethodAttributes (46ms)
				AfterProcessingInitializeOnLoad (0ms)
				EditorAssembliesLoaded (0ms)
			ExecutionOrderSort2 (0ms)
			AwakeInstancesAfterBackupRestoration (0ms)
Platform modules already initialized, skipping
Registering precompiled user dll's ...
Registered in 0.009790 seconds.
Begin MonoManager ReloadAssembly
Symbol file LoadedFromMemory doesn't match image C:\Users\admin\source\repos\MakarovOleg1988\TopDownShooter\Library\PackageCache\com.unity.visualscripting@1.7.8\Editor\VisualScripting.Core\Dependencies\YamlDotNet\Unity.VisualScripting.YamlDotNet.dll
Symbol file LoadedFromMemory doesn't match image C:\Users\admin\source\repos\MakarovOleg1988\TopDownShooter\Library\PackageCache\com.unity.visualscripting@1.7.8\Editor\VisualScripting.Core\Dependencies\DotNetZip\Unity.VisualScripting.IonicZip.dll
Native extension for WindowsStandalone target not found
Native extension for iOS target not found
Native extension for Android target not found
Refreshing native plugins compatible for Editor in 89.57 ms, found 3 plugins.
Preloading 0 native plugins for Editor in 0.00 ms.
Mono: successfully reloaded assembly
- Completed reload, in  1.420 seconds
Domain Reload Profiling:
	ReloadAssembly (1421ms)
		BeginReloadAssembly (217ms)
			ExecutionOrderSort (0ms)
			DisableScriptedObjects (7ms)
			BackupInstance (0ms)
			ReleaseScriptingObjects (0ms)
			CreateAndSetChildDomain (123ms)
		EndReloadAssembly (1091ms)
			LoadAssemblies (82ms)
			RebuildTransferFunctionScriptingTraits (0ms)
			SetupTypeCache (276ms)
			ReleaseScriptCaches (1ms)
			RebuildScriptCaches (56ms)
			SetupLoadedEditorAssemblies (629ms)
				LogAssemblyErrors (0ms)
				InitializePlatformSupportModulesInManaged (22ms)
				SetLoadedEditorAssemblies (0ms)
				RefreshPlugins (90ms)
				BeforeProcessingInitializeOnLoad (102ms)
				ProcessInitializeOnLoadAttributes (379ms)
				ProcessInitializeOnLoadMethodAttributes (27ms)
				AfterProcessingInitializeOnLoad (9ms)
				EditorAssembliesLoaded (0ms)
			ExecutionOrderSort2 (0ms)
			AwakeInstancesAfterBackupRestoration (5ms)
Platform modules already initialized, skipping
========================================================================
Worker process is ready to serve import requests
Launched and connected shader compiler UnityShaderCompiler.exe after 0.03 seconds
Refreshing native plugins compatible for Editor in 0.69 ms, found 3 plugins.
Preloading 0 native plugins for Editor in 0.00 ms.
Unloading 3851 Unused Serialized files (Serialized files now loaded: 0)
Unloading 40 unused Assets / (55.9 KB). Loaded Objects now: 4302.
Memory consumption went from 138.2 MB to 138.2 MB.
Total: 2.963100 ms (FindLiveObjects: 0.314700 ms CreateObjectMapping: 0.284200 ms MarkObjects: 2.278000 ms  DeleteObjects: 0.085400 ms)

AssetImportParameters requested are different than current active one (requested -> active):
  custom:video-decoder-ogg-theora: a1e56fd34408186e4bbccfd4996cb3dc -> 
  custom:container-muxer-webm: aa71ff27fc2769a1b78a27578f13a17b -> 
  custom:container-demuxer-webm: 4f35f7cbe854078d1ac9338744f61a02 -> 
  custom:video-encoder-webm-vp8: eb34c28f22e8b96e1ab97ce403110664 -> 
  custom:audio-encoder-webm-vorbis: bf7c407c2cedff20999df2af8eb42d56 -> 
  custom:framework-win-MediaFoundation: 216162199b28c13a410421893ffa2e32 -> 
  custom:container-demuxer-ogg: 62fdf1f143b41e24485cea50d1cbac27 -> 
  custom:video-decoder-webm-vp8: 9c59270c3fd7afecdb556c50c9e8de78 -> 
  custom:audio-decoder-ogg-vorbis: bf7c407c2cedff20999df2af8eb42d56 -> 
========================================================================
Received Import Request.
  Time since last request: 175798.415259 seconds.
  path: Assets/Scenes
  artifactKey: Guid(6ea315d0fd7389c41b19996891e99ae3) Importer(815301076,1909f56bfc062723c751e8b465ee728b)
Start importing Assets/Scenes using Guid(6ea315d0fd7389c41b19996891e99ae3) Importer(815301076,1909f56bfc062723c751e8b465ee728b)  -> (artifact id: 'bc172811d573b296104adb4d2728db37') in 0.014011 seconds 
========================================================================
Received Import Request.
  Time since last request: 0.000032 seconds.
  path: Assets/Scenes/Level forest.unity
  artifactKey: Guid(c6c4df2af85e2ba4da306aa0d94fce80) Importer(815301076,1909f56bfc062723c751e8b465ee728b)
Start importing Assets/Scenes/Level forest.unity using Guid(c6c4df2af85e2ba4da306aa0d94fce80) Importer(815301076,1909f56bfc062723c751e8b465ee728b)  -> (artifact id: 'a5cc89ca709f1edc266a3d38012e7efa') in 0.007763 seconds 
========================================================================
Received Import Request.
  Time since last request: 31.614828 seconds.
  path: Assets/Other Materials
  artifactKey: Guid(038db717ab5d2554dbacc34710be29f3) Importer(815301076,1909f56bfc062723c751e8b465ee728b)
Start importing Assets/Other Materials using Guid(038db717ab5d2554dbacc34710be29f3) Importer(815301076,1909f56bfc062723c751e8b465ee728b)  -> (artifact id: 'b278a9e01f76c79d86bc4160467f9c43') in 0.007667 seconds 
========================================================================
Received Import Request.
  Time since last request: 4.953120 seconds.
  path: Assets/Other Materials/Sprites
  artifactKey: Guid(6563b584ab328e540a7915484e7f8cbd) Importer(815301076,1909f56bfc062723c751e8b465ee728b)
Start importing Assets/Other Materials/Sprites using Guid(6563b584ab328e540a7915484e7f8cbd) Importer(815301076,1909f56bfc062723c751e8b465ee728b)  -> (artifact id: '15f7cd9274adb612ebf86cc3af2e68df') in 0.007648 seconds 
========================================================================
Received Import Request.
  Time since last request: 0.034207 seconds.
  path: Assets/Other Materials/Sprites/blue_flame.tif
  artifactKey: Guid(9b530529fca8558449c2af2b412dbcb9) Importer(815301076,1909f56bfc062723c751e8b465ee728b)
Start importing Assets/Other Materials/Sprites/blue_flame.tif using Guid(9b530529fca8558449c2af2b412dbcb9) Importer(815301076,1909f56bfc062723c751e8b465ee728b)  -> (artifact id: '3d93586754b21ea8739f2cbaed4df47d') in 0.254903 seconds 
========================================================================
Received Import Request.
  Time since last request: 0.000018 seconds.
  path: Assets/Other Materials/Sprites/green_flame.tif
  artifactKey: Guid(8098d30c44947294d839407359d24c77) Importer(815301076,1909f56bfc062723c751e8b465ee728b)
Start importing Assets/Other Materials/Sprites/green_flame.tif using Guid(8098d30c44947294d839407359d24c77) Importer(815301076,1909f56bfc062723c751e8b465ee728b)  -> (artifact id: 'e556664744fd0664ed4eae9c243c7f12') in 0.171689 seconds 
========================================================================
Received Import Request.
  Time since last request: 0.000032 seconds.
  path: Assets/Other Materials/Sprites/red_flame.tif
  artifactKey: Guid(e467a7f7b7a4a714db7da4a6ada82425) Importer(815301076,1909f56bfc062723c751e8b465ee728b)
Start importing Assets/Other Materials/Sprites/red_flame.tif using Guid(e467a7f7b7a4a714db7da4a6ada82425) Importer(815301076,1909f56bfc062723c751e8b465ee728b)  -> (artifact id: '1ff35bfd1892d55c8f4dff84a44ea8f7') in 0.170522 seconds 
========================================================================
Received Import Request.
  Time since last request: 7.798803 seconds.
  path: Assets/Other Materials/Images
  artifactKey: Guid(fc3fa3c0ae99c9047badeeb1a73073e7) Importer(815301076,1909f56bfc062723c751e8b465ee728b)
Start importing Assets/Other Materials/Images using Guid(fc3fa3c0ae99c9047badeeb1a73073e7) Importer(815301076,1909f56bfc062723c751e8b465ee728b)  -> (artifact id: 'd279f0cda0971e3b9220c95fa96aa9bc') in 0.008933 seconds 
========================================================================
Received Import Request.
  Time since last request: 0.036600 seconds.
  path: Assets/Other Materials/Images/Button E  Green.png
  artifactKey: Guid(253262d8e9933c449adc2d42ec3d5555) Importer(815301076,1909f56bfc062723c751e8b465ee728b)
Start importing Assets/Other Materials/Images/Button E  Green.png using Guid(253262d8e9933c449adc2d42ec3d5555) Importer(815301076,1909f56bfc062723c751e8b465ee728b)  -> (artifact id: 'eb8091766a52f89c97e64fb5c647958c') in 0.031019 seconds 
========================================================================
Received Import Request.
  Time since last request: 0.000013 seconds.
  path: Assets/Other Materials/Images/Herbal Grass.png
  artifactKey: Guid(1f052b047ea385243ad07ad03c4df94e) Importer(815301076,1909f56bfc062723c751e8b465ee728b)
Start importing Assets/Other Materials/Images/Herbal Grass.png using Guid(1f052b047ea385243ad07ad03c4df94e) Importer(815301076,1909f56bfc062723c751e8b465ee728b)  -> (artifact id: '4500dffebfd9292b29e7275a094c18d4') in 0.027826 seconds 
========================================================================
Received Import Request.
  Time since last request: 0.000015 seconds.
  path: Assets/Other Materials/Images/Rifle Image 2.png
  artifactKey: Guid(0bd8a6579011c4243818837d7a8b3c9a) Importer(815301076,1909f56bfc062723c751e8b465ee728b)
Start importing Assets/Other Materials/Images/Rifle Image 2.png using Guid(0bd8a6579011c4243818837d7a8b3c9a) Importer(815301076,1909f56bfc062723c751e8b465ee728b)  -> (artifact id: '55512d2cf06581e5bf8da0ababd0d2c5') in 0.027185 seconds 
========================================================================
Received Import Request.
  Time since last request: 0.000019 seconds.
  path: Assets/Other Materials/Images/Pharmacy.png
  artifactKey: Guid(5c2e289efed44554eaa81cf4f08d4f45) Importer(815301076,1909f56bfc062723c751e8b465ee728b)
Start importing Assets/Other Materials/Images/Pharmacy.png using Guid(5c2e289efed44554eaa81cf4f08d4f45) Importer(815301076,1909f56bfc062723c751e8b465ee728b)  -> (artifact id: '81f62e3cac2b6d12849363fe8b7843da') in 0.027560 seconds 
========================================================================
Received Import Request.
  Time since last request: 0.000021 seconds.
  path: Assets/Other Materials/Images/ParticleMist.png
  artifactKey: Guid(70d87fc352a29f648afceaf16d648734) Importer(815301076,1909f56bfc062723c751e8b465ee728b)
Start importing Assets/Other Materials/Images/ParticleMist.png using Guid(70d87fc352a29f648afceaf16d648734) Importer(815301076,1909f56bfc062723c751e8b465ee728b)  -> (artifact id: 'e6aab16fe82069845518b9e47e5942df') in 0.015906 seconds 
========================================================================
Received Import Request.
  Time since last request: 0.000048 seconds.
  path: Assets/Other Materials/Images/Rifle Image.png
  artifactKey: Guid(4981f4468b13f1e478e4d19cf0812306) Importer(815301076,1909f56bfc062723c751e8b465ee728b)
Start importing Assets/Other Materials/Images/Rifle Image.png using Guid(4981f4468b13f1e478e4d19cf0812306) Importer(815301076,1909f56bfc062723c751e8b465ee728b)  -> (artifact id: '225816ccf0d8d8ea65b67e1f2ab9a627') in 0.053623 seconds 
========================================================================
Received Import Request.
  Time since last request: 0.000022 seconds.
  path: Assets/Other Materials/Images/ParticleMist.mat
  artifactKey: Guid(5a4afe82b475de94aa6736b25f66c6d9) Importer(815301076,1909f56bfc062723c751e8b465ee728b)
Start importing Assets/Other Materials/Images/ParticleMist.mat using Guid(5a4afe82b475de94aa6736b25f66c6d9) Importer(815301076,1909f56bfc062723c751e8b465ee728b)  -> (artifact id: '04904e431d0ac435eeae3411be517efb') in 0.065698 seconds 
========================================================================
Received Import Request.
  Time since last request: 0.000016 seconds.
  path: Assets/Other Materials/Images/Warning Icon 2.png
  artifactKey: Guid(311b4be35a15afb4e87397e56deea0b3) Importer(815301076,1909f56bfc062723c751e8b465ee728b)
Start importing Assets/Other Materials/Images/Warning Icon 2.png using Guid(311b4be35a15afb4e87397e56deea0b3) Importer(815301076,1909f56bfc062723c751e8b465ee728b)  -> (artifact id: '4e801035bd04261d5e39c32b17fde920') in 0.024542 seconds 
========================================================================
Received Import Request.
  Time since last request: 0.000017 seconds.
  path: Assets/Other Materials/Images/Logo The Dark Village.png
  artifactKey: Guid(214a54c6f14ba184d91fe6807e1f9471) Importer(815301076,1909f56bfc062723c751e8b465ee728b)
Start importing Assets/Other Materials/Images/Logo The Dark Village.png using Guid(214a54c6f14ba184d91fe6807e1f9471) Importer(815301076,1909f56bfc062723c751e8b465ee728b)  -> (artifact id: '65850bde0f6b5c8f2dca6946cdfb3629') in 0.026232 seconds 
========================================================================
Received Import Request.
  Time since last request: 0.000021 seconds.
  path: Assets/Other Materials/Images/Flashlight.png
  artifactKey: Guid(ff8f1850be773a94c87b6e05d88f52fa) Importer(815301076,1909f56bfc062723c751e8b465ee728b)
Start importing Assets/Other Materials/Images/Flashlight.png using Guid(ff8f1850be773a94c87b6e05d88f52fa) Importer(815301076,1909f56bfc062723c751e8b465ee728b)  -> (artifact id: '2066f2aafa61e8d10675b048b69720bb') in 0.026588 seconds 
========================================================================
Received Import Request.
  Time since last request: 0.000031 seconds.
  path: Assets/Other Materials/Images/Coin.png
  artifactKey: Guid(80600b72727fdce4cb5d9ae8f1ad0766) Importer(815301076,1909f56bfc062723c751e8b465ee728b)
Start importing Assets/Other Materials/Images/Coin.png using Guid(80600b72727fdce4cb5d9ae8f1ad0766) Importer(815301076,1909f56bfc062723c751e8b465ee728b)  -> (artifact id: 'afa9772700fe145f6ee10290fc077d2f') in 0.027441 seconds 
========================================================================
Received Import Request.
  Time since last request: 0.000018 seconds.
  path: Assets/Other Materials/Images/Image Atlas.spriteatlas
  artifactKey: Guid(f6a3bad02d4b7704d9c2f9b647115c24) Importer(815301076,1909f56bfc062723c751e8b465ee728b)
Start importing Assets/Other Materials/Images/Image Atlas.spriteatlas using Guid(f6a3bad02d4b7704d9c2f9b647115c24) Importer(815301076,1909f56bfc062723c751e8b465ee728b)  -> (artifact id: 'b8edf6daf8e775ba4775d9dc991dbd74') in 0.011219 seconds 
========================================================================
Received Import Request.
  Time since last request: 0.000018 seconds.
  path: Assets/Other Materials/Images/Pistol Image.png
  artifactKey: Guid(87e4341b96f62b7428cdc4c31649ce3f) Importer(815301076,1909f56bfc062723c751e8b465ee728b)
Start importing Assets/Other Materials/Images/Pistol Image.png using Guid(87e4341b96f62b7428cdc4c31649ce3f) Importer(815301076,1909f56bfc062723c751e8b465ee728b)  -> (artifact id: '68a59c31eea55f528a7a8b3aa309d0eb') in 0.229187 seconds 
========================================================================
Received Import Request.
  Time since last request: 0.000021 seconds.
  path: Assets/Other Materials/Images/UI Atlas.spriteatlas
  artifactKey: Guid(2da89976dd9fc0c44bdfd6c66ac60c70) Importer(815301076,1909f56bfc062723c751e8b465ee728b)
Start importing Assets/Other Materials/Images/UI Atlas.spriteatlas using Guid(2da89976dd9fc0c44bdfd6c66ac60c70) Importer(815301076,1909f56bfc062723c751e8b465ee728b)  -> (artifact id: '19c31b4449b7de8a845869ce2f8761eb') in 0.009441 seconds 
========================================================================
Received Import Request.
  Time since last request: 0.000024 seconds.
  path: Assets/Other Materials/Images/Icon Weapon Store.png
  artifactKey: Guid(10ad2052019582947b1a9af87a91abd7) Importer(815301076,1909f56bfc062723c751e8b465ee728b)
Start importing Assets/Other Materials/Images/Icon Weapon Store.png using Guid(10ad2052019582947b1a9af87a91abd7) Importer(815301076,1909f56bfc062723c751e8b465ee728b)  -> (artifact id: '45454c2f177c8298519d597b9bd25680') in 0.028119 seconds 
========================================================================
Received Import Request.
  Time since last request: 6.170038 seconds.
  path: Assets/Other Materials/Images/Arrow.png
  artifactKey: Guid(9fa88a543d154104ea4d04b4391633fd) Importer(815301076,1909f56bfc062723c751e8b465ee728b)
Start importing Assets/Other Materials/Images/Arrow.png using Guid(9fa88a543d154104ea4d04b4391633fd) Importer(815301076,1909f56bfc062723c751e8b465ee728b)  -> (artifact id: 'a7a39d612cbd9b6acd521cd6161434a9') in 0.014437 seconds 
========================================================================
Received Import Request.
  Time since last request: 2.379996 seconds.
  path: Assets/Scripts
  artifactKey: Guid(1cc83a724043fae41b0fe34a5163b36c) Importer(815301076,1909f56bfc062723c751e8b465ee728b)
Start importing Assets/Scripts using Guid(1cc83a724043fae41b0fe34a5163b36c) Importer(815301076,1909f56bfc062723c751e8b465ee728b)  -> (artifact id: '544e7faa8c2a1f2fab04420c58f6541f') in 0.018183 seconds 
========================================================================
Received Import Request.
  Time since last request: 0.715433 seconds.
  path: Assets/Scripts/Enums.cs
  artifactKey: Guid(18a90d07807a3ef408e80a9da6f6d626) Importer(815301076,1909f56bfc062723c751e8b465ee728b)
Start importing Assets/Scripts/Enums.cs using Guid(18a90d07807a3ef408e80a9da6f6d626) Importer(815301076,1909f56bfc062723c751e8b465ee728b)  -> (artifact id: '211b3ef6b6bbfeba0489b919a7ab7f3c') in 0.009750 seconds 
========================================================================
Received Import Request.
  Time since last request: 52.465627 seconds.
  path: Assets/Other Materials/Images/Arrow.png
  artifactKey: Guid(9fa88a543d154104ea4d04b4391633fd) Importer(815301076,1909f56bfc062723c751e8b465ee728b)
Start importing Assets/Other Materials/Images/Arrow.png using Guid(9fa88a543d154104ea4d04b4391633fd) Importer(815301076,1909f56bfc062723c751e8b465ee728b)  -> (artifact id: '824efb4114ec771aefae6a82ac426483') in 0.025736 seconds 
========================================================================
Received Import Request.
  Time since last request: 40.461463 seconds.
  path: Assets/Other Materials/Images/MiniMap Texture.renderTexture
  artifactKey: Guid(0c2f8ef497c34604f8792d9e3bd83814) Importer(815301076,1909f56bfc062723c751e8b465ee728b)
Start importing Assets/Other Materials/Images/MiniMap Texture.renderTexture using Guid(0c2f8ef497c34604f8792d9e3bd83814) Importer(815301076,1909f56bfc062723c751e8b465ee728b)  -> (artifact id: '4e4c8e03f2fadc889c3f107d18273f20') in 0.017893 seconds 
========================================================================
Received Import Request.
  Time since last request: 57.377372 seconds.
  path: ProjectSettings/TagManager.asset
  artifactKey: Guid(00000000000000003000000000000000) Importer(815301076,1909f56bfc062723c751e8b465ee728b)
Start importing ProjectSettings/TagManager.asset using Guid(00000000000000003000000000000000) Importer(815301076,1909f56bfc062723c751e8b465ee728b)  -> (artifact id: 'e6efdea9c27e3ab281177e7682e8619a') in 0.011807 seconds 
========================================================================
Received Prepare
Registering precompiled user dll's ...
Registered in 0.008398 seconds.
Begin MonoManager ReloadAssembly
Symbol file LoadedFromMemory doesn't match image C:\Users\admin\source\repos\MakarovOleg1988\TopDownShooter\Library\PackageCache\com.unity.visualscripting@1.7.8\Editor\VisualScripting.Core\Dependencies\YamlDotNet\Unity.VisualScripting.YamlDotNet.dll
Symbol file LoadedFromMemory doesn't match image C:\Users\admin\source\repos\MakarovOleg1988\TopDownShooter\Library\PackageCache\com.unity.visualscripting@1.7.8\Editor\VisualScripting.Core\Dependencies\DotNetZip\Unity.VisualScripting.IonicZip.dll
Native extension for WindowsStandalone target not found
Native extension for iOS target not found
Native extension for Android target not found
Refreshing native plugins compatible for Editor in 0.80 ms, found 3 plugins.
Preloading 0 native plugins for Editor in 0.00 ms.
Mono: successfully reloaded assembly
- Completed reload, in  1.180 seconds
Domain Reload Profiling:
	ReloadAssembly (1181ms)
		BeginReloadAssembly (144ms)
			ExecutionOrderSort (0ms)
			DisableScriptedObjects (7ms)
			BackupInstance (0ms)
			ReleaseScriptingObjects (0ms)
			CreateAndSetChildDomain (42ms)
		EndReloadAssembly (939ms)
			LoadAssemblies (90ms)
			RebuildTransferFunctionScriptingTraits (0ms)
			SetupTypeCache (293ms)
			ReleaseScriptCaches (1ms)
			RebuildScriptCaches (43ms)
			SetupLoadedEditorAssemblies (463ms)
				LogAssemblyErrors (0ms)
				InitializePlatformSupportModulesInManaged (31ms)
				SetLoadedEditorAssemblies (0ms)
				RefreshPlugins (1ms)
				BeforeProcessingInitializeOnLoad (80ms)
				ProcessInitializeOnLoadAttributes (316ms)
				ProcessInitializeOnLoadMethodAttributes (26ms)
				AfterProcessingInitializeOnLoad (9ms)
				EditorAssembliesLoaded (0ms)
			ExecutionOrderSort2 (0ms)
			AwakeInstancesAfterBackupRestoration (5ms)
Platform modules already initialized, skipping
Refreshing native plugins compatible for Editor in 2.31 ms, found 3 plugins.
Preloading 0 native plugins for Editor in 0.00 ms.
Unloading 3828 Unused Serialized files (Serialized files now loaded: 0)
Unloading 31 unused Assets / (24.7 KB). Loaded Objects now: 4361.
Memory consumption went from 141.0 MB to 141.0 MB.
Total: 2.740500 ms (FindLiveObjects: 0.288700 ms CreateObjectMapping: 0.254400 ms MarkObjects: 2.174400 ms  DeleteObjects: 0.022400 ms)

AssetImportParameters requested are different than current active one (requested -> active):
  custom:video-decoder-ogg-theora: a1e56fd34408186e4bbccfd4996cb3dc -> 
  custom:container-muxer-webm: aa71ff27fc2769a1b78a27578f13a17b -> 
  custom:container-demuxer-webm: 4f35f7cbe854078d1ac9338744f61a02 -> 
  custom:video-encoder-webm-vp8: eb34c28f22e8b96e1ab97ce403110664 -> 
  custom:audio-encoder-webm-vorbis: bf7c407c2cedff20999df2af8eb42d56 -> 
  custom:framework-win-MediaFoundation: 216162199b28c13a410421893ffa2e32 -> 
  custom:container-demuxer-ogg: 62fdf1f143b41e24485cea50d1cbac27 -> 
  custom:video-decoder-webm-vp8: 9c59270c3fd7afecdb556c50c9e8de78 -> 
  custom:audio-decoder-ogg-vorbis: bf7c407c2cedff20999df2af8eb42d56 -> 
========================================================================
Received Import Request.
  Time since last request: 64.171254 seconds.
  path: Assets/Other Materials/Texture/GRASS/GRASS_Flower/GRASS_Flower_Tint_01/Material/Grass_Flower_Tint_01_Base.mat
  artifactKey: Guid(177c17ceb9afca44bb884a1a8a00169e) Importer(815301076,1909f56bfc062723c751e8b465ee728b)
Start importing Assets/Other Materials/Texture/GRASS/GRASS_Flower/GRASS_Flower_Tint_01/Material/Grass_Flower_Tint_01_Base.mat using Guid(177c17ceb9afca44bb884a1a8a00169e) Importer(815301076,1909f56bfc062723c751e8b465ee728b)  -> (artifact id: 'c265afbae345fd822fa4be31114be5c6') in 0.323234 seconds 
========================================================================
Received Import Request.
  Time since last request: 0.000019 seconds.
  path: Assets/Other Materials/Texture/GRASS/GRASS_Flower/GRASS_Flower_Tint_01/Material/Grass_Flower_Tint_01_FlowerPurple_A.mat
  artifactKey: Guid(e5c75e771ad5773489360ae2b93d803e) Importer(815301076,1909f56bfc062723c751e8b465ee728b)
Start importing Assets/Other Materials/Texture/GRASS/GRASS_Flower/GRASS_Flower_Tint_01/Material/Grass_Flower_Tint_01_FlowerPurple_A.mat using Guid(e5c75e771ad5773489360ae2b93d803e) Importer(815301076,1909f56bfc062723c751e8b465ee728b)  -> (artifact id: '1f019da49348480bb09e0ecb78a3c8c5') in 0.041198 seconds 
========================================================================
Received Import Request.
  Time since last request: 0.000028 seconds.
  path: Assets/Other Materials/Texture/GRASS/GRASS_Flower/GRASS_Flower_Tint_01/Material/Grass_Flower_Tint_01_FlowerYellow_A.mat
  artifactKey: Guid(7767531b8a941a042a8ee276f93d467f) Importer(815301076,1909f56bfc062723c751e8b465ee728b)
Start importing Assets/Other Materials/Texture/GRASS/GRASS_Flower/GRASS_Flower_Tint_01/Material/Grass_Flower_Tint_01_FlowerYellow_A.mat using Guid(7767531b8a941a042a8ee276f93d467f) Importer(815301076,1909f56bfc062723c751e8b465ee728b)  -> (artifact id: '8ccd44dc0ff773affa72d33d3c84dc48') in 0.027701 seconds 
========================================================================
Received Import Request.
  Time since last request: 0.000018 seconds.
  path: Assets/Other Materials/Texture/GRASS/GRASS_Flower/GRASS_Flower_Tint_01/Material/Grass_Flower_Tint_01_FlowerBlue_B.mat
  artifactKey: Guid(ba2226aa273afb94eb9a2b21f04369a8) Importer(815301076,1909f56bfc062723c751e8b465ee728b)
Start importing Assets/Other Materials/Texture/GRASS/GRASS_Flower/GRASS_Flower_Tint_01/Material/Grass_Flower_Tint_01_FlowerBlue_B.mat using Guid(ba2226aa273afb94eb9a2b21f04369a8) Importer(815301076,1909f56bfc062723c751e8b465ee728b)  -> (artifact id: '5875c7d17cff134a4bd2a68d7e753316') in 0.027200 seconds 
========================================================================
Received Import Request.
  Time since last request: 0.000017 seconds.
  path: Assets/Other Materials/Texture/GRASS/GRASS_Flower/GRASS_Flower_Tint_01/Material/Grass_Flower_Tint_01_FlowerYellow_B.mat
  artifactKey: Guid(9f345e69573084a44b4366cc49cdcd63) Importer(815301076,1909f56bfc062723c751e8b465ee728b)
Start importing Assets/Other Materials/Texture/GRASS/GRASS_Flower/GRASS_Flower_Tint_01/Material/Grass_Flower_Tint_01_FlowerYellow_B.mat using Guid(9f345e69573084a44b4366cc49cdcd63) Importer(815301076,1909f56bfc062723c751e8b465ee728b)  -> (artifact id: '44937abe7b71ac1102f3a9e7c0a789e6') in 0.026836 seconds 
========================================================================
Received Import Request.
  Time since last request: 0.000019 seconds.
  path: Assets/Other Materials/Texture/GRASS/GRASS_Flower/GRASS_Flower_Tint_01/Material/Grass_Flower_Tint_01_FlowerRed_A.mat
  artifactKey: Guid(523650b0269e8e64897a30f697233163) Importer(815301076,1909f56bfc062723c751e8b465ee728b)
Start importing Assets/Other Materials/Texture/GRASS/GRASS_Flower/GRASS_Flower_Tint_01/Material/Grass_Flower_Tint_01_FlowerRed_A.mat using Guid(523650b0269e8e64897a30f697233163) Importer(815301076,1909f56bfc062723c751e8b465ee728b)  -> (artifact id: '7480aa6dc812c9f2e5f136490da637bd') in 0.028324 seconds 
========================================================================
Received Import Request.
  Time since last request: 0.000018 seconds.
  path: Assets/Other Materials/Texture/GRASS/GRASS_Flower/GRASS_Flower_Tint_01/Material/Grass_Flower_Tint_01_FlowerRed_B.mat
  artifactKey: Guid(4eab6b53002d5de45b5530e6eb17d953) Importer(815301076,1909f56bfc062723c751e8b465ee728b)
Start importing Assets/Other Materials/Texture/GRASS/GRASS_Flower/GRASS_Flower_Tint_01/Material/Grass_Flower_Tint_01_FlowerRed_B.mat using Guid(4eab6b53002d5de45b5530e6eb17d953) Importer(815301076,1909f56bfc062723c751e8b465ee728b)  -> (artifact id: 'c968fca154a04a6753752738acfe9732') in 0.027610 seconds 
========================================================================
Received Import Request.
  Time since last request: 0.000024 seconds.
  path: Assets/Other Materials/Texture/GRASS/GRASS_Flower/GRASS_Flower_Tint_01/Material/Grass_Flower_Tint_01_FlowerBlue_A.mat
  artifactKey: Guid(54a6e50b0e8a8e44bb5de3ca36e3feb9) Importer(815301076,1909f56bfc062723c751e8b465ee728b)
Start importing Assets/Other Materials/Texture/GRASS/GRASS_Flower/GRASS_Flower_Tint_01/Material/Grass_Flower_Tint_01_FlowerBlue_A.mat using Guid(54a6e50b0e8a8e44bb5de3ca36e3feb9) Importer(815301076,1909f56bfc062723c751e8b465ee728b)  -> (artifact id: 'b8763fa23730d8379d96671c458b16e5') in 0.027205 seconds 
========================================================================
Received Import Request.
  Time since last request: 0.000018 seconds.
  path: Assets/Other Materials/Texture/GRASS/GRASS_Flower/GRASS_Flower_Tint_01/Material/Grass_Flower_Tint_01_FlowerPurple_B.mat
  artifactKey: Guid(0fd41b82b4608c84aa03280b40065be9) Importer(815301076,1909f56bfc062723c751e8b465ee728b)
Start importing Assets/Other Materials/Texture/GRASS/GRASS_Flower/GRASS_Flower_Tint_01/Material/Grass_Flower_Tint_01_FlowerPurple_B.mat using Guid(0fd41b82b4608c84aa03280b40065be9) Importer(815301076,1909f56bfc062723c751e8b465ee728b)  -> (artifact id: 'd2865a8637dce414538c9cb82d3249f3') in 0.027791 seconds 
========================================================================
Received Import Request.
  Time since last request: 2.116456 seconds.
  path: Assets/Resources/TextMesh Pro/Resources/Fonts & Materials/LiberationSans SDF - Outline.mat
  artifactKey: Guid(79459efec17a4d00a321bdcc27bbc385) Importer(815301076,1909f56bfc062723c751e8b465ee728b)
Start importing Assets/Resources/TextMesh Pro/Resources/Fonts & Materials/LiberationSans SDF - Outline.mat using Guid(79459efec17a4d00a321bdcc27bbc385) Importer(815301076,1909f56bfc062723c751e8b465ee728b)  -> (artifact id: '580d5e88a1be67bbb7b6cd88a38531f9') in 0.067646 seconds 
========================================================================
Received Import Request.
  Time since last request: 0.000018 seconds.
  path: Assets/Other Materials/Materials/Materials 2/LPEP_TextureAtlas_Master.mat
  artifactKey: Guid(ca3cde7d45dc4364e95b5cd44049d7f3) Importer(815301076,1909f56bfc062723c751e8b465ee728b)
Start importing Assets/Other Materials/Materials/Materials 2/LPEP_TextureAtlas_Master.mat using Guid(ca3cde7d45dc4364e95b5cd44049d7f3) Importer(815301076,1909f56bfc062723c751e8b465ee728b)  -> (artifact id: 'c53295815bf4fa328cc0f85cad55e2f8') in 0.216058 seconds 
========================================================================
Received Import Request.
  Time since last request: 0.000023 seconds.
  path: Assets/Other Materials/Mesh/Meshes/Materials/lustre.mat
  artifactKey: Guid(d54129aaeffb3194da9dafc6c15e8cba) Importer(815301076,1909f56bfc062723c751e8b465ee728b)
Start importing Assets/Other Materials/Mesh/Meshes/Materials/lustre.mat using Guid(d54129aaeffb3194da9dafc6c15e8cba) Importer(815301076,1909f56bfc062723c751e8b465ee728b)  -> (artifact id: '4742f672e11f0a878f81779c9cecc469') in 0.180137 seconds 
========================================================================
Received Import Request.
  Time since last request: 0.000029 seconds.
  path: Assets/Other Materials/Materials/Materials 1/LittleLamp.mat
  artifactKey: Guid(149cfb782cd2a5042a78354976abafc7) Importer(815301076,1909f56bfc062723c751e8b465ee728b)
Start importing Assets/Other Materials/Materials/Materials 1/LittleLamp.mat using Guid(149cfb782cd2a5042a78354976abafc7) Importer(815301076,1909f56bfc062723c751e8b465ee728b)  -> (artifact id: 'a4463e0e5c5066ba9915f5e1d96b3c38') in 0.218216 seconds 
========================================================================
Received Import Request.
  Time since last request: 0.000015 seconds.
  path: Assets/Resources/TextMesh Pro/Resources/Fonts & Materials/LiberationSans SDF - Fallback.asset
  artifactKey: Guid(2e498d1c8094910479dc3e1b768306a4) Importer(815301076,1909f56bfc062723c751e8b465ee728b)
Start importing Assets/Resources/TextMesh Pro/Resources/Fonts & Materials/LiberationSans SDF - Fallback.asset using Guid(2e498d1c8094910479dc3e1b768306a4) Importer(815301076,1909f56bfc062723c751e8b465ee728b)  -> (artifact id: '12dedc872680d5a1efb7bfdb3c1e7465') in 0.038365 seconds 
========================================================================
Received Import Request.
  Time since last request: 0.000053 seconds.
  path: Assets/Other Materials/Materials/Materials 2/LightAtten.mat
  artifactKey: Guid(a46595a22ce850047a599fa0c87dc90c) Importer(815301076,1909f56bfc062723c751e8b465ee728b)
Start importing Assets/Other Materials/Materials/Materials 2/LightAtten.mat using Guid(a46595a22ce850047a599fa0c87dc90c) Importer(815301076,1909f56bfc062723c751e8b465ee728b)  -> (artifact id: '2566402939194917d79db6e8b63f9573') in 0.102257 seconds 
========================================================================
Received Import Request.
  Time since last request: 0.000016 seconds.
  path: Assets/Resources/TextMesh Pro/Resources/Fonts & Materials/LiberationSans SDF.asset
  artifactKey: Guid(8f586378b4e144a9851e7b34d9b748ee) Importer(815301076,1909f56bfc062723c751e8b465ee728b)
Start importing Assets/Resources/TextMesh Pro/Resources/Fonts & Materials/LiberationSans SDF.asset using Guid(8f586378b4e144a9851e7b34d9b748ee) Importer(815301076,1909f56bfc062723c751e8b465ee728b)  -> (artifact id: '4f32abafe8516cc9a3bd2d0611ef8676') in 0.039777 seconds 
========================================================================
Received Import Request.
  Time since last request: 0.000019 seconds.
  path: Assets/Other Materials/Mesh/Meshes/Materials/LittleLamp.mat
  artifactKey: Guid(b9d317384f152394d81ab6300d2b8a49) Importer(815301076,1909f56bfc062723c751e8b465ee728b)
Start importing Assets/Other Materials/Mesh/Meshes/Materials/LittleLamp.mat using Guid(b9d317384f152394d81ab6300d2b8a49) Importer(815301076,1909f56bfc062723c751e8b465ee728b)  -> (artifact id: '1a14d351020d9038e81d2273d8c94f27') in 0.007625 seconds 
========================================================================
Received Import Request.
  Time since last request: 0.000027 seconds.
  path: Assets/Other Materials/Materials/Materials 1/lustre.mat
  artifactKey: Guid(727eea6fd83da374cb05d321c4d90207) Importer(815301076,1909f56bfc062723c751e8b465ee728b)
Start importing Assets/Other Materials/Materials/Materials 1/lustre.mat using Guid(727eea6fd83da374cb05d321c4d90207) Importer(815301076,1909f56bfc062723c751e8b465ee728b)  -> (artifact id: '3c4483925c8ef002e4f0f5f301d909e8') in 0.015907 seconds 
========================================================================
Received Import Request.
  Time since last request: 0.045387 seconds.
  path: Assets/Other Materials/Materials/Materials Spiders/BlackWidow.mat
  artifactKey: Guid(f1440c45c83e1c24cadad18a818f6335) Importer(815301076,1909f56bfc062723c751e8b465ee728b)
Start importing Assets/Other Materials/Materials/Materials Spiders/BlackWidow.mat using Guid(f1440c45c83e1c24cadad18a818f6335) Importer(815301076,1909f56bfc062723c751e8b465ee728b)  -> (artifact id: '5bfad168b310c07e5a5db6e2b2131640') in 0.225783 seconds 
========================================================================
Received Import Request.
  Time since last request: 0.000023 seconds.
  path: Assets/Other Materials/Materials/Materials 1/Candle1.mat
  artifactKey: Guid(2ff38d00be4eef640bf6495fe8a5b54f) Importer(815301076,1909f56bfc062723c751e8b465ee728b)
Start importing Assets/Other Materials/Materials/Materials 1/Candle1.mat using Guid(2ff38d00be4eef640bf6495fe8a5b54f) Importer(815301076,1909f56bfc062723c751e8b465ee728b)  -> (artifact id: '7e2ff655824d29ef09185809be0cc531') in 0.091734 seconds 
========================================================================
Received Import Request.
  Time since last request: 0.000027 seconds.
  path: Assets/Other Materials/Mesh/Meshes/Materials/Candle1.mat
  artifactKey: Guid(ae0a10126dce4454ea57774785ff9e0c) Importer(815301076,1909f56bfc062723c751e8b465ee728b)
Start importing Assets/Other Materials/Mesh/Meshes/Materials/Candle1.mat using Guid(ae0a10126dce4454ea57774785ff9e0c) Importer(815301076,1909f56bfc062723c751e8b465ee728b)  -> (artifact id: '6ae751d80a1f9fd7da1553fe30e46151') in 0.013387 seconds 
========================================================================
Received Import Request.
  Time since last request: 0.000019 seconds.
  path: Assets/Other Materials/Environment/Models/Item/Rifle/Bullet_44_40.mat
  artifactKey: Guid(3f061d941237b47f1abb53bbe855125b) Importer(815301076,1909f56bfc062723c751e8b465ee728b)
Start importing Assets/Other Materials/Environment/Models/Item/Rifle/Bullet_44_40.mat using Guid(3f061d941237b47f1abb53bbe855125b) Importer(815301076,1909f56bfc062723c751e8b465ee728b)  -> (artifact id: '9a3d5fc26b3e9954738e6570ccc0e89a') in 0.148027 seconds 
========================================================================
Received Import Request.
  Time since last request: 0.000013 seconds.
  path: Assets/Other Materials/Mesh/Meshes 1/Materials/Candle1.001.mat
  artifactKey: Guid(8b9d6f9ff9ac8d94591e97a4f433140e) Importer(815301076,1909f56bfc062723c751e8b465ee728b)
Start importing Assets/Other Materials/Mesh/Meshes 1/Materials/Candle1.001.mat using Guid(8b9d6f9ff9ac8d94591e97a4f433140e) Importer(815301076,1909f56bfc062723c751e8b465ee728b)  -> (artifact id: '3590e2e3c5f4344d06b0e137a40bbaf9') in 0.015125 seconds 
========================================================================
Received Import Request.
  Time since last request: 0.000017 seconds.
  path: Assets/Other Materials/Mesh/Meshes/Materials/Candle1.001.mat
  artifactKey: Guid(494e8b579e9ddad46b8e7d15b88f4fc4) Importer(815301076,1909f56bfc062723c751e8b465ee728b)
Start importing Assets/Other Materials/Mesh/Meshes/Materials/Candle1.001.mat using Guid(494e8b579e9ddad46b8e7d15b88f4fc4) Importer(815301076,1909f56bfc062723c751e8b465ee728b)  -> (artifact id: 'd4e3e11f2760673a853561e5a6f7555c') in 0.010088 seconds 
========================================================================
Received Import Request.
  Time since last request: 0.000019 seconds.
  path: Assets/Other Materials/Materials/Materials 1/Candle1blue.mat
  artifactKey: Guid(54bade3501df1bb458909304810a4e68) Importer(815301076,1909f56bfc062723c751e8b465ee728b)
Start importing Assets/Other Materials/Materials/Materials 1/Candle1blue.mat using Guid(54bade3501df1bb458909304810a4e68) Importer(815301076,1909f56bfc062723c751e8b465ee728b)  -> (artifact id: 'f345ede4c629425b137d3541b12eb3af') in 0.025319 seconds 
========================================================================
Received Import Request.
  Time since last request: 0.595873 seconds.
  path: Assets/Resources/TextMesh Pro/Fonts/LiberationSans.ttf
  artifactKey: Guid(e3265ab4bf004d28a9537516768c1c75) Importer(815301076,1909f56bfc062723c751e8b465ee728b)
Start importing Assets/Resources/TextMesh Pro/Fonts/LiberationSans.ttf using Guid(e3265ab4bf004d28a9537516768c1c75) Importer(815301076,1909f56bfc062723c751e8b465ee728b)  -> (artifact id: '86e85d55384b22641579099d0f1ce7e8') in 0.034872 seconds 
========================================================================
Received Import Request.
  Time since last request: 0.000015 seconds.
  path: Assets/Other Materials/Materials/Materials 1/Latern1.mat
  artifactKey: Guid(05b01ea2579be9f4ebed435fb445e6d6) Importer(815301076,1909f56bfc062723c751e8b465ee728b)
Start importing Assets/Other Materials/Materials/Materials 1/Latern1.mat using Guid(05b01ea2579be9f4ebed435fb445e6d6) Importer(815301076,1909f56bfc062723c751e8b465ee728b)  -> (artifact id: '26dedc55a0584c51fdc80bb508eb51d3') in 0.017511 seconds 
========================================================================
Received Import Request.
  Time since last request: 0.000055 seconds.
  path: Assets/Other Materials/Mesh/Meshes/Materials/Latern4_colormap.mat
  artifactKey: Guid(2b4a9ce9e39facc47912f4f3608a15cf) Importer(815301076,1909f56bfc062723c751e8b465ee728b)
Start importing Assets/Other Materials/Mesh/Meshes/Materials/Latern4_colormap.mat using Guid(2b4a9ce9e39facc47912f4f3608a15cf) Importer(815301076,1909f56bfc062723c751e8b465ee728b)  -> (artifact id: 'e948d1c035146e5bd5d0b27376d23f9a') in 0.015608 seconds 
========================================================================
Received Import Request.
  Time since last request: 0.000041 seconds.
  path: Assets/Other Materials/Mesh/Meshes/Materials/Latern1.mat
  artifactKey: Guid(ff8f55f77d008744895793c0ae7bd0a6) Importer(815301076,1909f56bfc062723c751e8b465ee728b)
Start importing Assets/Other Materials/Mesh/Meshes/Materials/Latern1.mat using Guid(ff8f55f77d008744895793c0ae7bd0a6) Importer(815301076,1909f56bfc062723c751e8b465ee728b)  -> (artifact id: 'db3674d4810aff8fcb40dbd624f978fc') in 0.007580 seconds 
========================================================================
Received Import Request.
  Time since last request: 0.000020 seconds.
  path: Assets/Other Materials/Materials/Materials 1/Latern_glass1.mat
  artifactKey: Guid(a9cef664c9823034db4a08c78926b38a) Importer(815301076,1909f56bfc062723c751e8b465ee728b)
Start importing Assets/Other Materials/Materials/Materials 1/Latern_glass1.mat using Guid(a9cef664c9823034db4a08c78926b38a) Importer(815301076,1909f56bfc062723c751e8b465ee728b)  -> (artifact id: 'ab3393f84694b115d11610b063431896') in 0.017152 seconds 
========================================================================
Received Import Request.
  Time since last request: 0.000019 seconds.
  path: Assets/Other Materials/Mesh/Meshes/Materials/Latern5.mat
  artifactKey: Guid(96c5ee3bd6a7d444d8b6731549e65dbf) Importer(815301076,1909f56bfc062723c751e8b465ee728b)
Start importing Assets/Other Materials/Mesh/Meshes/Materials/Latern5.mat using Guid(96c5ee3bd6a7d444d8b6731549e65dbf) Importer(815301076,1909f56bfc062723c751e8b465ee728b)  -> (artifact id: '22a0e6490dafcec456675798d35ada4e') in 0.014619 seconds 
========================================================================
Received Import Request.
  Time since last request: 0.000017 seconds.
  path: Assets/Other Materials/Materials/Materials 1/Latern5.mat
  artifactKey: Guid(c80049bc80d43e24da4915d1806290fd) Importer(815301076,1909f56bfc062723c751e8b465ee728b)
Start importing Assets/Other Materials/Materials/Materials 1/Latern5.mat using Guid(c80049bc80d43e24da4915d1806290fd) Importer(815301076,1909f56bfc062723c751e8b465ee728b)  -> (artifact id: '4d9632048387eb9e31df32932992da35') in 0.018816 seconds 
========================================================================
Received Import Request.
  Time since last request: 0.000021 seconds.
  path: Assets/Other Materials/Materials/Materials 1/Latern4_colormap.mat
  artifactKey: Guid(de1e4e1a8ed19f9438342d79e0edf248) Importer(815301076,1909f56bfc062723c751e8b465ee728b)
Start importing Assets/Other Materials/Materials/Materials 1/Latern4_colormap.mat using Guid(de1e4e1a8ed19f9438342d79e0edf248) Importer(815301076,1909f56bfc062723c751e8b465ee728b)  -> (artifact id: 'c6360f0632d129dc03580861b8a3be32') in 0.016274 seconds 
========================================================================
Received Import Request.
  Time since last request: 10.694959 seconds.
  path: Assets/Other Materials/Texture
  artifactKey: Guid(c85edac635fe1ef46b71d912ab65f0b1) Importer(815301076,1909f56bfc062723c751e8b465ee728b)
Start importing Assets/Other Materials/Texture using Guid(c85edac635fe1ef46b71d912ab65f0b1) Importer(815301076,1909f56bfc062723c751e8b465ee728b)  -> (artifact id: 'a6ecd328eb8c90ea202501f5ec96d419') in 0.007993 seconds 
========================================================================
Received Import Request.
  Time since last request: 1.348594 seconds.
  path: Assets/Other Materials/Texture/GRASS
  artifactKey: Guid(7678495fd012edc439fb5528125d6c99) Importer(815301076,1909f56bfc062723c751e8b465ee728b)
Start importing Assets/Other Materials/Texture/GRASS using Guid(7678495fd012edc439fb5528125d6c99) Importer(815301076,1909f56bfc062723c751e8b465ee728b)  -> (artifact id: '6abd0036e83ebd509b7964739c6d0f94') in 0.008825 seconds 
========================================================================
Received Import Request.
  Time since last request: 1.254621 seconds.
  path: Assets/Other Materials/Texture/GRASS/GRASS_Dense
  artifactKey: Guid(c59516d0dd3db7945867e5751f80f3b2) Importer(815301076,1909f56bfc062723c751e8b465ee728b)
Start importing Assets/Other Materials/Texture/GRASS/GRASS_Dense using Guid(c59516d0dd3db7945867e5751f80f3b2) Importer(815301076,1909f56bfc062723c751e8b465ee728b)  -> (artifact id: 'f439b70d7a472ff1c2ea29907a9a884a') in 0.008969 seconds 
========================================================================
Received Import Request.
  Time since last request: 0.616483 seconds.
  path: Assets/Other Materials/Texture/GRASS/GRASS_Dense/GRASS_Dense_Tint_02
  artifactKey: Guid(5f87e0db746ad06429a970b446dc4509) Importer(815301076,1909f56bfc062723c751e8b465ee728b)
Start importing Assets/Other Materials/Texture/GRASS/GRASS_Dense/GRASS_Dense_Tint_02 using Guid(5f87e0db746ad06429a970b446dc4509) Importer(815301076,1909f56bfc062723c751e8b465ee728b)  -> (artifact id: 'a69761c7b85001e635e1d52015744aee') in 0.008046 seconds 
========================================================================
Received Import Request.
  Time since last request: 0.673501 seconds.
  path: Assets/Other Materials/Texture/GRASS/GRASS_Dense/GRASS_Dense_Tint_02/Textures
  artifactKey: Guid(1ff101f8d101bcf4ca743ac580415530) Importer(815301076,1909f56bfc062723c751e8b465ee728b)
Start importing Assets/Other Materials/Texture/GRASS/GRASS_Dense/GRASS_Dense_Tint_02/Textures using Guid(1ff101f8d101bcf4ca743ac580415530) Importer(815301076,1909f56bfc062723c751e8b465ee728b)  -> (artifact id: 'e050ef3e40fdf05f6d13ad39af971429') in 0.007338 seconds 
========================================================================
Received Import Request.
  Time since last request: 6.678883 seconds.
  path: Assets/Other Materials/Texture/GRASS/GRASS_Flower/GRASS_Flower_Tint_01/Material/Grass_Flower_Tint_01_Rocks.mat
  artifactKey: Guid(586c98c8e0795f64fa3967c0a9af51b7) Importer(815301076,1909f56bfc062723c751e8b465ee728b)
Start importing Assets/Other Materials/Texture/GRASS/GRASS_Flower/GRASS_Flower_Tint_01/Material/Grass_Flower_Tint_01_Rocks.mat using Guid(586c98c8e0795f64fa3967c0a9af51b7) Importer(815301076,1909f56bfc062723c751e8b465ee728b)  -> (artifact id: '5d8fb37622d94c8a4708f99cd0920b35') in 0.029237 seconds 
========================================================================
Received Import Request.
  Time since last request: 12.924686 seconds.
  path: Assets/Other Materials/Images/UI Images/32.png
  artifactKey: Guid(dcdc43f7a0ad67b4ab3e3db38233dfae) Importer(815301076,1909f56bfc062723c751e8b465ee728b)
Start importing Assets/Other Materials/Images/UI Images/32.png using Guid(dcdc43f7a0ad67b4ab3e3db38233dfae) Importer(815301076,1909f56bfc062723c751e8b465ee728b)  -> (artifact id: '746cd760759d0fa1c22a4e821ac1aba8') in 0.036013 seconds 
========================================================================
Received Import Request.
  Time since last request: 0.000024 seconds.
  path: Assets/Other Materials/Images/UI Images/64 Light.png
  artifactKey: Guid(1bf101c8c2b8aab4484cd2ff08be047b) Importer(815301076,1909f56bfc062723c751e8b465ee728b)
Start importing Assets/Other Materials/Images/UI Images/64 Light.png using Guid(1bf101c8c2b8aab4484cd2ff08be047b) Importer(815301076,1909f56bfc062723c751e8b465ee728b)  -> (artifact id: '0505d313657837e30e4725e22b1b8485') in 0.030260 seconds 
========================================================================
Received Import Request.
  Time since last request: 0.000030 seconds.
  path: Assets/Other Materials/Images/UI Images/32 Light.png
  artifactKey: Guid(a689281f545979940b5cedad12ec31a8) Importer(815301076,1909f56bfc062723c751e8b465ee728b)
Start importing Assets/Other Materials/Images/UI Images/32 Light.png using Guid(a689281f545979940b5cedad12ec31a8) Importer(815301076,1909f56bfc062723c751e8b465ee728b)  -> (artifact id: '7a531d69adae3a9d6e01d6f666b124ab') in 0.026832 seconds 
========================================================================
Received Import Request.
  Time since last request: 0.000023 seconds.
  path: Assets/Other Materials/Images/UI Images/64.png
  artifactKey: Guid(701e7ed4dde1bf949b30e33741547ac9) Importer(815301076,1909f56bfc062723c751e8b465ee728b)
Start importing Assets/Other Materials/Images/UI Images/64.png using Guid(701e7ed4dde1bf949b30e33741547ac9) Importer(815301076,1909f56bfc062723c751e8b465ee728b)  -> (artifact id: 'c743d25a82793fe19c68da79c42ddb72') in 0.027212 seconds 
========================================================================
Received Import Request.
  Time since last request: 0.000037 seconds.
  path: Assets/Other Materials/Images/UI Images/128 Light.png
  artifactKey: Guid(240ae01ad665c6d4798249cbec763ce8) Importer(815301076,1909f56bfc062723c751e8b465ee728b)
Start importing Assets/Other Materials/Images/UI Images/128 Light.png using Guid(240ae01ad665c6d4798249cbec763ce8) Importer(815301076,1909f56bfc062723c751e8b465ee728b)  -> (artifact id: '56b64bcc1e386fa1d248475b0c4e3262') in 0.029522 seconds 
========================================================================
Received Import Request.
  Time since last request: 0.000023 seconds.
  path: Assets/Other Materials/Images/UI Images/128.png
  artifactKey: Guid(87ea2079a91b3e74f84b5cb700abb4d6) Importer(815301076,1909f56bfc062723c751e8b465ee728b)
Start importing Assets/Other Materials/Images/UI Images/128.png using Guid(87ea2079a91b3e74f84b5cb700abb4d6) Importer(815301076,1909f56bfc062723c751e8b465ee728b)  -> (artifact id: 'd8a096585381701ede1e196380ce5814') in 0.025749 seconds 
========================================================================
Received Import Request.
  Time since last request: 0.000022 seconds.
  path: Assets/Other Materials/Images/UI Images/64 Light 2.png
  artifactKey: Guid(91db8970c28d4a344beff5618f7a0ca3) Importer(815301076,1909f56bfc062723c751e8b465ee728b)
Start importing Assets/Other Materials/Images/UI Images/64 Light 2.png using Guid(91db8970c28d4a344beff5618f7a0ca3) Importer(815301076,1909f56bfc062723c751e8b465ee728b)  -> (artifact id: '467bcc5f8292c3c75fcaf31e1f86b54e') in 0.028339 seconds 
========================================================================
Received Import Request.
  Time since last request: 0.000021 seconds.
  path: Assets/Other Materials/Images/UI Images/32 Light 2.png
  artifactKey: Guid(9c22439f7b2eadb41b70e5385d667660) Importer(815301076,1909f56bfc062723c751e8b465ee728b)
Start importing Assets/Other Materials/Images/UI Images/32 Light 2.png using Guid(9c22439f7b2eadb41b70e5385d667660) Importer(815301076,1909f56bfc062723c751e8b465ee728b)  -> (artifact id: '82f6719c90919976220f67d365685303') in 0.026857 seconds 
========================================================================
Received Import Request.
  Time since last request: 0.684623 seconds.
  path: Assets/Other Materials/Texture/GRASS/GRASS_Flower/GRASS_Flower_Tint_01/Texture/Grass_Flower_Tint_01_Base_AO.png
  artifactKey: Guid(d44b96bea76dbd8449f8a75a6be91383) Importer(815301076,1909f56bfc062723c751e8b465ee728b)
Start importing Assets/Other Materials/Texture/GRASS/GRASS_Flower/GRASS_Flower_Tint_01/Texture/Grass_Flower_Tint_01_Base_AO.png using Guid(d44b96bea76dbd8449f8a75a6be91383) Importer(815301076,1909f56bfc062723c751e8b465ee728b)  -> (artifact id: 'aec45c15b3f713e331c931b83a08998b') in 0.015317 seconds 
========================================================================
Received Import Request.
  Time since last request: 0.000016 seconds.
  path: Assets/Other Materials/Texture/GRASS/GRASS_Flower/GRASS_Flower_Tint_01/Texture/Grass_Flower_Tint_01_Base_Normal.png
  artifactKey: Guid(83f04189368ddb343b6e3eca6f1de874) Importer(815301076,1909f56bfc062723c751e8b465ee728b)
Start importing Assets/Other Materials/Texture/GRASS/GRASS_Flower/GRASS_Flower_Tint_01/Texture/Grass_Flower_Tint_01_Base_Normal.png using Guid(83f04189368ddb343b6e3eca6f1de874) Importer(815301076,1909f56bfc062723c751e8b465ee728b)  -> (artifact id: '71e8cea4026dfd4a220160c8351cf937') in 0.030781 seconds 
========================================================================
Received Import Request.
  Time since last request: 0.000017 seconds.
  path: Assets/Other Materials/Texture/GRASS/GRASS_Flower/GRASS_Flower_Tint_01/Texture/Grass_Flower_Tint_01_Base_Height.png
  artifactKey: Guid(1eca799978b1f9d40bab4f7b58f05538) Importer(815301076,1909f56bfc062723c751e8b465ee728b)
Start importing Assets/Other Materials/Texture/GRASS/GRASS_Flower/GRASS_Flower_Tint_01/Texture/Grass_Flower_Tint_01_Base_Height.png using Guid(1eca799978b1f9d40bab4f7b58f05538) Importer(815301076,1909f56bfc062723c751e8b465ee728b)  -> (artifact id: '372519f1a19bc7572651f8a8cf15101f') in 0.019602 seconds 
========================================================================
Received Import Request.
  Time since last request: 0.000019 seconds.
  path: Assets/Other Materials/Texture/GRASS/GRASS_Flower/GRASS_Flower_Tint_01/Texture/Grass_Flower_Tint_01_Base_Metallic.png
  artifactKey: Guid(6f242f2310130634c8233d812468c06b) Importer(815301076,1909f56bfc062723c751e8b465ee728b)
Start importing Assets/Other Materials/Texture/GRASS/GRASS_Flower/GRASS_Flower_Tint_01/Texture/Grass_Flower_Tint_01_Base_Metallic.png using Guid(6f242f2310130634c8233d812468c06b) Importer(815301076,1909f56bfc062723c751e8b465ee728b)  -> (artifact id: 'f517a6dda27c0ad8dcaffe6cbdd7c063') in 0.017579 seconds 
========================================================================
Received Import Request.
  Time since last request: 0.000017 seconds.
  path: Assets/Other Materials/Texture/GRASS/GRASS_Flower/GRASS_Flower_Tint_01/Texture/Grass_Flower_Tint_01_Base_Basecolor.png
  artifactKey: Guid(b7ee70b4fd03b1c4aafa27cb4db3a673) Importer(815301076,1909f56bfc062723c751e8b465ee728b)
Start importing Assets/Other Materials/Texture/GRASS/GRASS_Flower/GRASS_Flower_Tint_01/Texture/Grass_Flower_Tint_01_Base_Basecolor.png using Guid(b7ee70b4fd03b1c4aafa27cb4db3a673) Importer(815301076,1909f56bfc062723c751e8b465ee728b)  -> (artifact id: 'd5deda901ee69b0119e07f5868964c02') in 0.018858 seconds 
========================================================================
Received Import Request.
  Time since last request: 9.237892 seconds.
  path: Assets/Other Materials/Texture/DIRT
  artifactKey: Guid(e4618fcd34c3e9a4c81c01b8339608b0) Importer(815301076,1909f56bfc062723c751e8b465ee728b)
Start importing Assets/Other Materials/Texture/DIRT using Guid(e4618fcd34c3e9a4c81c01b8339608b0) Importer(815301076,1909f56bfc062723c751e8b465ee728b)  -> (artifact id: '762652193918761968cac2e88b09c205') in 0.008311 seconds 
========================================================================
Received Import Request.
  Time since last request: 0.583812 seconds.
  path: Assets/Other Materials/Texture/DIRT/Dirt_Path
  artifactKey: Guid(3479073fd31da6b459dca8b36ea501ac) Importer(815301076,1909f56bfc062723c751e8b465ee728b)
Start importing Assets/Other Materials/Texture/DIRT/Dirt_Path using Guid(3479073fd31da6b459dca8b36ea501ac) Importer(815301076,1909f56bfc062723c751e8b465ee728b)  -> (artifact id: '0b0ac8dd41941cb2359a20f751a9dc8a') in 0.007164 seconds 
========================================================================
Received Import Request.
  Time since last request: 1.269744 seconds.
  path: Assets/Other Materials/Texture/DIRT/Dirt_Path/Textures
  artifactKey: Guid(ded40a3a8efaace4384304c2ffcbb186) Importer(815301076,1909f56bfc062723c751e8b465ee728b)
Start importing Assets/Other Materials/Texture/DIRT/Dirt_Path/Textures using Guid(ded40a3a8efaace4384304c2ffcbb186) Importer(815301076,1909f56bfc062723c751e8b465ee728b)  -> (artifact id: 'eb9970f0d2c78c4f5b75e78116f46f0e') in 0.002079 seconds 
========================================================================
Received Import Request.
  Time since last request: 0.028921 seconds.
  path: Assets/Other Materials/Texture/DIRT/Dirt_Path/Textures/Dirt_Path_AO.png
  artifactKey: Guid(0fd2da29303ebcb4cb50ad1cccf7f097) Importer(815301076,1909f56bfc062723c751e8b465ee728b)
Start importing Assets/Other Materials/Texture/DIRT/Dirt_Path/Textures/Dirt_Path_AO.png using Guid(0fd2da29303ebcb4cb50ad1cccf7f097) Importer(815301076,1909f56bfc062723c751e8b465ee728b)  -> (artifact id: '68e9dfdcbf0bb34d026d229ef126d150') in 0.015362 seconds 
========================================================================
Received Import Request.
  Time since last request: 0.000017 seconds.
  path: Assets/Other Materials/Texture/DIRT/Dirt_Path/Textures/Dirt_Path_Basecolor.png
  artifactKey: Guid(c2e975e8a074dff45aee75e580a54344) Importer(815301076,1909f56bfc062723c751e8b465ee728b)
Start importing Assets/Other Materials/Texture/DIRT/Dirt_Path/Textures/Dirt_Path_Basecolor.png using Guid(c2e975e8a074dff45aee75e580a54344) Importer(815301076,1909f56bfc062723c751e8b465ee728b)  -> (artifact id: '266706194a61126fce112a7c5070d6aa') in 0.025770 seconds 
========================================================================
Received Import Request.
  Time since last request: 0.000020 seconds.
  path: Assets/Other Materials/Texture/DIRT/Dirt_Path/Textures/Dirt_Path_Height.png
  artifactKey: Guid(97df09d6b5a195f438ae4c5dba98341b) Importer(815301076,1909f56bfc062723c751e8b465ee728b)
Start importing Assets/Other Materials/Texture/DIRT/Dirt_Path/Textures/Dirt_Path_Height.png using Guid(97df09d6b5a195f438ae4c5dba98341b) Importer(815301076,1909f56bfc062723c751e8b465ee728b)  -> (artifact id: '28730e6e573b84c9c57f9a6ced6061af') in 0.017276 seconds 
========================================================================
Received Import Request.
  Time since last request: 0.000015 seconds.
  path: Assets/Other Materials/Texture/DIRT/Dirt_Path/Textures/Dirt_Path_Normal.png
  artifactKey: Guid(48c3f9bf0c6c95b4e8a00c6b9a8162be) Importer(815301076,1909f56bfc062723c751e8b465ee728b)
Start importing Assets/Other Materials/Texture/DIRT/Dirt_Path/Textures/Dirt_Path_Normal.png using Guid(48c3f9bf0c6c95b4e8a00c6b9a8162be) Importer(815301076,1909f56bfc062723c751e8b465ee728b)  -> (artifact id: '58fb8890a049250fbda8e3565852faae') in 0.024244 seconds 
========================================================================
Received Import Request.
  Time since last request: 0.000017 seconds.
  path: Assets/Other Materials/Texture/DIRT/Dirt_Path/Textures/Dirt_Path_Metallic.png
  artifactKey: Guid(ae87662110a99a64d80a0cb0171f7d5e) Importer(815301076,1909f56bfc062723c751e8b465ee728b)
Start importing Assets/Other Materials/Texture/DIRT/Dirt_Path/Textures/Dirt_Path_Metallic.png using Guid(ae87662110a99a64d80a0cb0171f7d5e) Importer(815301076,1909f56bfc062723c751e8b465ee728b)  -> (artifact id: '0ba1c7b01a58774003aaac7999ed6a0c') in 0.021806 seconds 
========================================================================
Received Import Request.
  Time since last request: 47.980348 seconds.
  path: Assets/Other Materials/Environment
  artifactKey: Guid(397f7482cb1451247b2d8cb119eb4140) Importer(815301076,1909f56bfc062723c751e8b465ee728b)
Start importing Assets/Other Materials/Environment using Guid(397f7482cb1451247b2d8cb119eb4140) Importer(815301076,1909f56bfc062723c751e8b465ee728b)  -> (artifact id: 'ac3c45f6b2c68ad87bc74a96e351158b') in 0.007911 seconds 
========================================================================
Received Import Request.
  Time since last request: 0.443264 seconds.
  path: Assets/Other Materials/Environment/Models
  artifactKey: Guid(5895e5cef1e6ad9419b6d721edfe6754) Importer(815301076,1909f56bfc062723c751e8b465ee728b)
Start importing Assets/Other Materials/Environment/Models using Guid(5895e5cef1e6ad9419b6d721edfe6754) Importer(815301076,1909f56bfc062723c751e8b465ee728b)  -> (artifact id: '727ca38dadde33005b6644a1982cfe21') in 0.007431 seconds 
========================================================================
Received Import Request.
  Time since last request: 1.175050 seconds.
  path: Assets/Other Materials/Environment/Prefabs
  artifactKey: Guid(5418b837466e9e540a4c9142c8646667) Importer(815301076,1909f56bfc062723c751e8b465ee728b)
Start importing Assets/Other Materials/Environment/Prefabs using Guid(5418b837466e9e540a4c9142c8646667) Importer(815301076,1909f56bfc062723c751e8b465ee728b)  -> (artifact id: '4bdf0572dbf0dad2596ad70cd2dca0d4') in 0.010068 seconds 
========================================================================
Received Import Request.
  Time since last request: 0.794116 seconds.
  path: Assets/Other Materials/Environment/Prefabs/Characters
  artifactKey: Guid(55152bfad7969c64eb17714fd0272cfc) Importer(815301076,1909f56bfc062723c751e8b465ee728b)
Start importing Assets/Other Materials/Environment/Prefabs/Characters using Guid(55152bfad7969c64eb17714fd0272cfc) Importer(815301076,1909f56bfc062723c751e8b465ee728b)  -> (artifact id: '2e761adb50366f1020c02141a6c402c1') in 0.007611 seconds 
========================================================================
Received Import Request.
  Time since last request: 0.045490 seconds.
  path: Assets/Other Materials/Environment/Prefabs/Characters/Player.prefab
  artifactKey: Guid(2c81faa6ababfe24e9e9276bbe99685f) Importer(815301076,1909f56bfc062723c751e8b465ee728b)
Start importing Assets/Other Materials/Environment/Prefabs/Characters/Player.prefab using Guid(2c81faa6ababfe24e9e9276bbe99685f) Importer(815301076,1909f56bfc062723c751e8b465ee728b)  -> (artifact id: 'e09cddedd5cd05ea97da0b37c52c669b') in 0.181269 seconds 
========================================================================
Received Import Request.
  Time since last request: 0.570434 seconds.
  path: Assets/Other Materials/Environment/Prefabs/Characters/Enemy
  artifactKey: Guid(147b68f8a5fed2746bbabbbdecfce8d7) Importer(815301076,1909f56bfc062723c751e8b465ee728b)
Start importing Assets/Other Materials/Environment/Prefabs/Characters/Enemy using Guid(147b68f8a5fed2746bbabbbdecfce8d7) Importer(815301076,1909f56bfc062723c751e8b465ee728b)  -> (artifact id: '8b40fab58da1b6a2aa894114bc1a3f7c') in 0.009394 seconds 
========================================================================
Received Import Request.
  Time since last request: 0.046667 seconds.
  path: Assets/Other Materials/Environment/Prefabs/Characters/Enemy/Black Widow.prefab
  artifactKey: Guid(fd02805ee801de64a828e8190cac7784) Importer(815301076,1909f56bfc062723c751e8b465ee728b)
Start importing Assets/Other Materials/Environment/Prefabs/Characters/Enemy/Black Widow.prefab using Guid(fd02805ee801de64a828e8190cac7784) Importer(815301076,1909f56bfc062723c751e8b465ee728b)  -> (artifact id: 'faa1713060aa79550b1ceb4c28e4eac5') in 0.048087 seconds 
========================================================================
Received Import Request.
  Time since last request: 0.000021 seconds.
  path: Assets/Other Materials/Environment/Prefabs/Characters/Enemy/Vampire.prefab
  artifactKey: Guid(4a4fe263a96a7cd49957efb09d068e42) Importer(815301076,1909f56bfc062723c751e8b465ee728b)
Start importing Assets/Other Materials/Environment/Prefabs/Characters/Enemy/Vampire.prefab using Guid(4a4fe263a96a7cd49957efb09d068e42) Importer(815301076,1909f56bfc062723c751e8b465ee728b)  -> (artifact id: '57a1cefffcaa515cb499cf59f66bfe28') in 0.237761 seconds 
========================================================================
Received Import Request.
  Time since last request: 0.000041 seconds.
  path: Assets/Other Materials/Environment/Prefabs/Characters/Enemy/Zombi.prefab
  artifactKey: Guid(d52c26e77c7bba24583db5166a961ae6) Importer(815301076,1909f56bfc062723c751e8b465ee728b)
Start importing Assets/Other Materials/Environment/Prefabs/Characters/Enemy/Zombi.prefab using Guid(d52c26e77c7bba24583db5166a961ae6) Importer(815301076,1909f56bfc062723c751e8b465ee728b)  -> (artifact id: 'fc0ad29a11c01606f90d6deaac4b8a34') in 0.081961 seconds 
========================================================================
Received Import Request.
  Time since last request: 9.668429 seconds.
  path: Assets/Other Materials/Environment/Prefabs/Characters/Enemy/Black Widow.prefab
  artifactKey: Guid(fd02805ee801de64a828e8190cac7784) Importer(815301076,1909f56bfc062723c751e8b465ee728b)
Start importing Assets/Other Materials/Environment/Prefabs/Characters/Enemy/Black Widow.prefab using Guid(fd02805ee801de64a828e8190cac7784) Importer(815301076,1909f56bfc062723c751e8b465ee728b)  -> (artifact id: '570e77c23bfe9a11bbe002f8b1204432') in 0.046390 seconds 
========================================================================
Received Import Request.
  Time since last request: 21.370375 seconds.
  path: Assets/Other Materials/Environment/Prefabs/Characters/Enemy/Vampire.prefab
  artifactKey: Guid(4a4fe263a96a7cd49957efb09d068e42) Importer(815301076,1909f56bfc062723c751e8b465ee728b)
Start importing Assets/Other Materials/Environment/Prefabs/Characters/Enemy/Vampire.prefab using Guid(4a4fe263a96a7cd49957efb09d068e42) Importer(815301076,1909f56bfc062723c751e8b465ee728b)  -> (artifact id: '8a6843f1ef572cb4c0c0d7c72a557ed2') in 0.048952 seconds 
========================================================================
Received Import Request.
  Time since last request: 16.672375 seconds.
  path: Assets/Other Materials/Environment/Prefabs/Characters/Enemy/Zombi.prefab
  artifactKey: Guid(d52c26e77c7bba24583db5166a961ae6) Importer(815301076,1909f56bfc062723c751e8b465ee728b)
Start importing Assets/Other Materials/Environment/Prefabs/Characters/Enemy/Zombi.prefab using Guid(d52c26e77c7bba24583db5166a961ae6) Importer(815301076,1909f56bfc062723c751e8b465ee728b)  -> (artifact id: 'b4b7cc09111985bfc1fc7d033a78ac54') in 0.073204 seconds 
========================================================================
Received Prepare
Registering precompiled user dll's ...
Registered in 0.009076 seconds.
Begin MonoManager ReloadAssembly
Symbol file LoadedFromMemory doesn't match image C:\Users\admin\source\repos\MakarovOleg1988\TopDownShooter\Library\PackageCache\com.unity.visualscripting@1.7.8\Editor\VisualScripting.Core\Dependencies\YamlDotNet\Unity.VisualScripting.YamlDotNet.dll
Symbol file LoadedFromMemory doesn't match image C:\Users\admin\source\repos\MakarovOleg1988\TopDownShooter\Library\PackageCache\com.unity.visualscripting@1.7.8\Editor\VisualScripting.Core\Dependencies\DotNetZip\Unity.VisualScripting.IonicZip.dll
Native extension for WindowsStandalone target not found
Native extension for iOS target not found
Native extension for Android target not found
Refreshing native plugins compatible for Editor in 0.75 ms, found 3 plugins.
Preloading 0 native plugins for Editor in 0.00 ms.
Mono: successfully reloaded assembly
- Completed reload, in  1.188 seconds
Domain Reload Profiling:
	ReloadAssembly (1188ms)
		BeginReloadAssembly (144ms)
			ExecutionOrderSort (0ms)
			DisableScriptedObjects (5ms)
			BackupInstance (0ms)
			ReleaseScriptingObjects (0ms)
			CreateAndSetChildDomain (43ms)
		EndReloadAssembly (941ms)
			LoadAssemblies (93ms)
			RebuildTransferFunctionScriptingTraits (0ms)
			SetupTypeCache (301ms)
			ReleaseScriptCaches (1ms)
			RebuildScriptCaches (47ms)
			SetupLoadedEditorAssemblies (455ms)
				LogAssemblyErrors (0ms)
				InitializePlatformSupportModulesInManaged (30ms)
				SetLoadedEditorAssemblies (0ms)
				RefreshPlugins (1ms)
				BeforeProcessingInitializeOnLoad (79ms)
				ProcessInitializeOnLoadAttributes (313ms)
				ProcessInitializeOnLoadMethodAttributes (25ms)
				AfterProcessingInitializeOnLoad (7ms)
				EditorAssembliesLoaded (0ms)
			ExecutionOrderSort2 (0ms)
			AwakeInstancesAfterBackupRestoration (5ms)
Platform modules already initialized, skipping
Refreshing native plugins compatible for Editor in 2.95 ms, found 3 plugins.
Preloading 0 native plugins for Editor in 0.00 ms.
Unloading 3828 Unused Serialized files (Serialized files now loaded: 0)
Unloading 32 unused Assets / (27.3 KB). Loaded Objects now: 4381.
Memory consumption went from 155.1 MB to 155.1 MB.
Total: 2.876700 ms (FindLiveObjects: 0.292100 ms CreateObjectMapping: 0.195300 ms MarkObjects: 2.340900 ms  DeleteObjects: 0.047500 ms)

AssetImportParameters requested are different than current active one (requested -> active):
  custom:video-decoder-ogg-theora: a1e56fd34408186e4bbccfd4996cb3dc -> 
  custom:container-muxer-webm: aa71ff27fc2769a1b78a27578f13a17b -> 
  custom:container-demuxer-webm: 4f35f7cbe854078d1ac9338744f61a02 -> 
  custom:video-encoder-webm-vp8: eb34c28f22e8b96e1ab97ce403110664 -> 
  custom:audio-encoder-webm-vorbis: bf7c407c2cedff20999df2af8eb42d56 -> 
  custom:framework-win-MediaFoundation: 216162199b28c13a410421893ffa2e32 -> 
  custom:container-demuxer-ogg: 62fdf1f143b41e24485cea50d1cbac27 -> 
  custom:video-decoder-webm-vp8: 9c59270c3fd7afecdb556c50c9e8de78 -> 
  custom:audio-decoder-ogg-vorbis: bf7c407c2cedff20999df2af8eb42d56 -> 
========================================================================
Received Import Request.
  Time since last request: 95.269155 seconds.
  path: Assets/Other Materials/Environment/Prefabs/Nature/Vegetation/Trees/rpgpp_lt_tree_pine_01.prefab
  artifactKey: Guid(a30f79ced4313cc4a8175788f6c32944) Importer(815301076,1909f56bfc062723c751e8b465ee728b)
Start importing Assets/Other Materials/Environment/Prefabs/Nature/Vegetation/Trees/rpgpp_lt_tree_pine_01.prefab using Guid(a30f79ced4313cc4a8175788f6c32944) Importer(815301076,1909f56bfc062723c751e8b465ee728b)  -> (artifact id: 'e28ee985288d14e2cc84330f27f55956') in 0.073409 seconds 
========================================================================
Received Import Request.
  Time since last request: 0.000023 seconds.
  path: Assets/Other Materials/Environment/Prefabs/Nature/Vegetation/Trees/rpgpp_lt_bush_01.prefab
  artifactKey: Guid(5dd5e41b5685c7942b88fa78623740ad) Importer(815301076,1909f56bfc062723c751e8b465ee728b)
Start importing Assets/Other Materials/Environment/Prefabs/Nature/Vegetation/Trees/rpgpp_lt_bush_01.prefab using Guid(5dd5e41b5685c7942b88fa78623740ad) Importer(815301076,1909f56bfc062723c751e8b465ee728b)  -> (artifact id: 'a14912de5218e32705b47cd6235783ff') in 0.017137 seconds 
========================================================================
Received Import Request.
  Time since last request: 0.000072 seconds.
  path: Assets/Other Materials/Environment/Prefabs/Nature/Vegetation/Trees/Tree_05.prefab
  artifactKey: Guid(60f79905accf3b24fa0114b941f1aac0) Importer(815301076,1909f56bfc062723c751e8b465ee728b)
Start importing Assets/Other Materials/Environment/Prefabs/Nature/Vegetation/Trees/Tree_05.prefab using Guid(60f79905accf3b24fa0114b941f1aac0) Importer(815301076,1909f56bfc062723c751e8b465ee728b)  -> (artifact id: '7a1ed551a7739150e19d726008977836') in 0.023899 seconds 
========================================================================
Received Import Request.
  Time since last request: 0.000017 seconds.
  path: Assets/Other Materials/Environment/Prefabs/Nature/Vegetation/Trees/Tree_02.prefab
  artifactKey: Guid(e289bf5debb17f6459818c207d781953) Importer(815301076,1909f56bfc062723c751e8b465ee728b)
Start importing Assets/Other Materials/Environment/Prefabs/Nature/Vegetation/Trees/Tree_02.prefab using Guid(e289bf5debb17f6459818c207d781953) Importer(815301076,1909f56bfc062723c751e8b465ee728b)  -> (artifact id: '9294f0645ff90f8e3330502920ec0fd9') in 0.016865 seconds 
========================================================================
Received Import Request.
  Time since last request: 0.000031 seconds.
  path: Assets/Other Materials/Environment/Prefabs/Nature/Vegetation/Trees/rpgpp_lt_bush_02.prefab
  artifactKey: Guid(ca828239f6459f7428791a5891f9a9d9) Importer(815301076,1909f56bfc062723c751e8b465ee728b)
Start importing Assets/Other Materials/Environment/Prefabs/Nature/Vegetation/Trees/rpgpp_lt_bush_02.prefab using Guid(ca828239f6459f7428791a5891f9a9d9) Importer(815301076,1909f56bfc062723c751e8b465ee728b)  -> (artifact id: 'bafc8184c14ae66f99fa0a5849951356') in 0.017871 seconds 
========================================================================
Received Import Request.
  Time since last request: 0.530250 seconds.
  path: Assets/Other Materials/Environment/Prefabs/Nature/Vegetation/Grass/Grass_01.prefab
  artifactKey: Guid(f1fc5bb90ac285e4486771552d63bcb8) Importer(815301076,1909f56bfc062723c751e8b465ee728b)
Start importing Assets/Other Materials/Environment/Prefabs/Nature/Vegetation/Grass/Grass_01.prefab using Guid(f1fc5bb90ac285e4486771552d63bcb8) Importer(815301076,1909f56bfc062723c751e8b465ee728b)  -> (artifact id: 'ad3fdb05ce33c8ae1d1a7c47796671d7') in 0.015924 seconds 
========================================================================
Received Import Request.
  Time since last request: 0.000017 seconds.
  path: Assets/Other Materials/Environment/Prefabs/Nature/Vegetation/Grass/rpgpp_lt_grass_small_01a.prefab
  artifactKey: Guid(c0b4cfe08316c9344a4ff727535c4571) Importer(815301076,1909f56bfc062723c751e8b465ee728b)
Start importing Assets/Other Materials/Environment/Prefabs/Nature/Vegetation/Grass/rpgpp_lt_grass_small_01a.prefab using Guid(c0b4cfe08316c9344a4ff727535c4571) Importer(815301076,1909f56bfc062723c751e8b465ee728b)  -> (artifact id: '63e9fa02055d4fe5cf66202f185bb805') in 0.018273 seconds 
========================================================================
Received Import Request.
  Time since last request: 0.000031 seconds.
  path: Assets/Other Materials/Environment/Prefabs/Nature/Vegetation/Grass/Grass_02.prefab
  artifactKey: Guid(ffbddc4ef9676cc419e81e06aaa836d8) Importer(815301076,1909f56bfc062723c751e8b465ee728b)
Start importing Assets/Other Materials/Environment/Prefabs/Nature/Vegetation/Grass/Grass_02.prefab using Guid(ffbddc4ef9676cc419e81e06aaa836d8) Importer(815301076,1909f56bfc062723c751e8b465ee728b)  -> (artifact id: 'f957cf9c3933e4a2f56e2f6a61c34721') in 0.016368 seconds 
========================================================================
Received Import Request.
  Time since last request: 0.000036 seconds.
  path: Assets/Other Materials/Environment/Prefabs/Nature/Vegetation/Grass/rpgpp_lt_plant_02.prefab
  artifactKey: Guid(ccb9493e4b6727242b4f3e3755019cc4) Importer(815301076,1909f56bfc062723c751e8b465ee728b)
Start importing Assets/Other Materials/Environment/Prefabs/Nature/Vegetation/Grass/rpgpp_lt_plant_02.prefab using Guid(ccb9493e4b6727242b4f3e3755019cc4) Importer(815301076,1909f56bfc062723c751e8b465ee728b)  -> (artifact id: 'f20d1315eeaa822b6b9718b3e9d23554') in 0.015477 seconds 
========================================================================
Received Prepare
Registering precompiled user dll's ...
Registered in 0.009045 seconds.
Begin MonoManager ReloadAssembly
Symbol file LoadedFromMemory doesn't match image C:\Users\admin\source\repos\MakarovOleg1988\TopDownShooter\Library\PackageCache\com.unity.visualscripting@1.7.8\Editor\VisualScripting.Core\Dependencies\YamlDotNet\Unity.VisualScripting.YamlDotNet.dll
Symbol file LoadedFromMemory doesn't match image C:\Users\admin\source\repos\MakarovOleg1988\TopDownShooter\Library\PackageCache\com.unity.visualscripting@1.7.8\Editor\VisualScripting.Core\Dependencies\DotNetZip\Unity.VisualScripting.IonicZip.dll
Native extension for WindowsStandalone target not found
Native extension for iOS target not found
Native extension for Android target not found
Refreshing native plugins compatible for Editor in 0.71 ms, found 3 plugins.
Preloading 0 native plugins for Editor in 0.00 ms.
Mono: successfully reloaded assembly
- Completed reload, in  1.200 seconds
Domain Reload Profiling:
	ReloadAssembly (1201ms)
		BeginReloadAssembly (150ms)
			ExecutionOrderSort (0ms)
			DisableScriptedObjects (5ms)
			BackupInstance (0ms)
			ReleaseScriptingObjects (0ms)
			CreateAndSetChildDomain (42ms)
		EndReloadAssembly (940ms)
			LoadAssemblies (96ms)
			RebuildTransferFunctionScriptingTraits (0ms)
			SetupTypeCache (301ms)
			ReleaseScriptCaches (1ms)
			RebuildScriptCaches (45ms)
			SetupLoadedEditorAssemblies (460ms)
				LogAssemblyErrors (0ms)
				InitializePlatformSupportModulesInManaged (30ms)
				SetLoadedEditorAssemblies (0ms)
				RefreshPlugins (1ms)
				BeforeProcessingInitializeOnLoad (80ms)
				ProcessInitializeOnLoadAttributes (316ms)
				ProcessInitializeOnLoadMethodAttributes (25ms)
				AfterProcessingInitializeOnLoad (7ms)
				EditorAssembliesLoaded (0ms)
			ExecutionOrderSort2 (0ms)
			AwakeInstancesAfterBackupRestoration (5ms)
Platform modules already initialized, skipping
Refreshing native plugins compatible for Editor in 2.48 ms, found 3 plugins.
Preloading 0 native plugins for Editor in 0.00 ms.
Unloading 3828 Unused Serialized files (Serialized files now loaded: 0)
Unloading 30 unused Assets / (24.7 KB). Loaded Objects now: 4384.
Memory consumption went from 155.1 MB to 155.1 MB.
Total: 2.866900 ms (FindLiveObjects: 0.316300 ms CreateObjectMapping: 0.200800 ms MarkObjects: 2.325600 ms  DeleteObjects: 0.023400 ms)

AssetImportParameters requested are different than current active one (requested -> active):
  custom:video-decoder-ogg-theora: a1e56fd34408186e4bbccfd4996cb3dc -> 
  custom:container-muxer-webm: aa71ff27fc2769a1b78a27578f13a17b -> 
  custom:container-demuxer-webm: 4f35f7cbe854078d1ac9338744f61a02 -> 
  custom:video-encoder-webm-vp8: eb34c28f22e8b96e1ab97ce403110664 -> 
  custom:audio-encoder-webm-vorbis: bf7c407c2cedff20999df2af8eb42d56 -> 
  custom:framework-win-MediaFoundation: 216162199b28c13a410421893ffa2e32 -> 
  custom:container-demuxer-ogg: 62fdf1f143b41e24485cea50d1cbac27 -> 
  custom:video-decoder-webm-vp8: 9c59270c3fd7afecdb556c50c9e8de78 -> 
  custom:audio-decoder-ogg-vorbis: bf7c407c2cedff20999df2af8eb42d56 -> 
========================================================================
Received Prepare
Registering precompiled user dll's ...
Registered in 0.009012 seconds.
Begin MonoManager ReloadAssembly
Symbol file LoadedFromMemory doesn't match image C:\Users\admin\source\repos\MakarovOleg1988\TopDownShooter\Library\PackageCache\com.unity.visualscripting@1.7.8\Editor\VisualScripting.Core\Dependencies\YamlDotNet\Unity.VisualScripting.YamlDotNet.dll
Symbol file LoadedFromMemory doesn't match image C:\Users\admin\source\repos\MakarovOleg1988\TopDownShooter\Library\PackageCache\com.unity.visualscripting@1.7.8\Editor\VisualScripting.Core\Dependencies\DotNetZip\Unity.VisualScripting.IonicZip.dll
Native extension for WindowsStandalone target not found
Native extension for iOS target not found
Native extension for Android target not found
Refreshing native plugins compatible for Editor in 0.86 ms, found 3 plugins.
Preloading 0 native plugins for Editor in 0.00 ms.
Mono: successfully reloaded assembly
- Completed reload, in  1.187 seconds
Domain Reload Profiling:
	ReloadAssembly (1188ms)
		BeginReloadAssembly (139ms)
			ExecutionOrderSort (0ms)
			DisableScriptedObjects (5ms)
			BackupInstance (0ms)
			ReleaseScriptingObjects (0ms)
			CreateAndSetChildDomain (39ms)
		EndReloadAssembly (946ms)
			LoadAssemblies (91ms)
			RebuildTransferFunctionScriptingTraits (0ms)
			SetupTypeCache (302ms)
			ReleaseScriptCaches (1ms)
			RebuildScriptCaches (44ms)
			SetupLoadedEditorAssemblies (460ms)
				LogAssemblyErrors (0ms)
				InitializePlatformSupportModulesInManaged (32ms)
				SetLoadedEditorAssemblies (1ms)
				RefreshPlugins (1ms)
				BeforeProcessingInitializeOnLoad (85ms)
				ProcessInitializeOnLoadAttributes (311ms)
				ProcessInitializeOnLoadMethodAttributes (24ms)
				AfterProcessingInitializeOnLoad (7ms)
				EditorAssembliesLoaded (0ms)
			ExecutionOrderSort2 (0ms)
			AwakeInstancesAfterBackupRestoration (4ms)
Platform modules already initialized, skipping
Refreshing native plugins compatible for Editor in 2.15 ms, found 3 plugins.
Preloading 0 native plugins for Editor in 0.00 ms.
Unloading 3828 Unused Serialized files (Serialized files now loaded: 0)
Unloading 30 unused Assets / (24.7 KB). Loaded Objects now: 4387.
Memory consumption went from 155.1 MB to 155.1 MB.
Total: 3.747600 ms (FindLiveObjects: 0.788200 ms CreateObjectMapping: 0.437500 ms MarkObjects: 2.489400 ms  DeleteObjects: 0.029900 ms)

AssetImportParameters requested are different than current active one (requested -> active):
  custom:video-decoder-ogg-theora: a1e56fd34408186e4bbccfd4996cb3dc -> 
  custom:container-muxer-webm: aa71ff27fc2769a1b78a27578f13a17b -> 
  custom:container-demuxer-webm: 4f35f7cbe854078d1ac9338744f61a02 -> 
  custom:video-encoder-webm-vp8: eb34c28f22e8b96e1ab97ce403110664 -> 
  custom:audio-encoder-webm-vorbis: bf7c407c2cedff20999df2af8eb42d56 -> 
  custom:framework-win-MediaFoundation: 216162199b28c13a410421893ffa2e32 -> 
  custom:container-demuxer-ogg: 62fdf1f143b41e24485cea50d1cbac27 -> 
  custom:video-decoder-webm-vp8: 9c59270c3fd7afecdb556c50c9e8de78 -> 
  custom:audio-decoder-ogg-vorbis: bf7c407c2cedff20999df2af8eb42d56 -> 
========================================================================
Received Prepare
Registering precompiled user dll's ...
Registered in 0.008721 seconds.
Begin MonoManager ReloadAssembly
Symbol file LoadedFromMemory doesn't match image C:\Users\admin\source\repos\MakarovOleg1988\TopDownShooter\Library\PackageCache\com.unity.visualscripting@1.7.8\Editor\VisualScripting.Core\Dependencies\YamlDotNet\Unity.VisualScripting.YamlDotNet.dll
Symbol file LoadedFromMemory doesn't match image C:\Users\admin\source\repos\MakarovOleg1988\TopDownShooter\Library\PackageCache\com.unity.visualscripting@1.7.8\Editor\VisualScripting.Core\Dependencies\DotNetZip\Unity.VisualScripting.IonicZip.dll
Native extension for WindowsStandalone target not found
Native extension for iOS target not found
Native extension for Android target not found
Refreshing native plugins compatible for Editor in 0.88 ms, found 3 plugins.
Preloading 0 native plugins for Editor in 0.00 ms.
Mono: successfully reloaded assembly
- Completed reload, in  1.149 seconds
Domain Reload Profiling:
	ReloadAssembly (1150ms)
		BeginReloadAssembly (129ms)
			ExecutionOrderSort (0ms)
			DisableScriptedObjects (6ms)
			BackupInstance (0ms)
			ReleaseScriptingObjects (0ms)
			CreateAndSetChildDomain (36ms)
		EndReloadAssembly (926ms)
			LoadAssemblies (82ms)
			RebuildTransferFunctionScriptingTraits (0ms)
			SetupTypeCache (271ms)
			ReleaseScriptCaches (1ms)
			RebuildScriptCaches (41ms)
			SetupLoadedEditorAssemblies (481ms)
				LogAssemblyErrors (0ms)
				InitializePlatformSupportModulesInManaged (31ms)
				SetLoadedEditorAssemblies (1ms)
				RefreshPlugins (1ms)
				BeforeProcessingInitializeOnLoad (85ms)
				ProcessInitializeOnLoadAttributes (327ms)
				ProcessInitializeOnLoadMethodAttributes (28ms)
				AfterProcessingInitializeOnLoad (7ms)
				EditorAssembliesLoaded (0ms)
			ExecutionOrderSort2 (0ms)
			AwakeInstancesAfterBackupRestoration (5ms)
Platform modules already initialized, skipping
Refreshing native plugins compatible for Editor in 2.27 ms, found 3 plugins.
Preloading 0 native plugins for Editor in 0.00 ms.
Unloading 3828 Unused Serialized files (Serialized files now loaded: 0)
Unloading 30 unused Assets / (24.6 KB). Loaded Objects now: 4390.
Memory consumption went from 155.2 MB to 155.1 MB.
Total: 2.786500 ms (FindLiveObjects: 0.279400 ms CreateObjectMapping: 0.179300 ms MarkObjects: 2.306100 ms  DeleteObjects: 0.020800 ms)

AssetImportParameters requested are different than current active one (requested -> active):
  custom:video-decoder-ogg-theora: a1e56fd34408186e4bbccfd4996cb3dc -> 
  custom:container-muxer-webm: aa71ff27fc2769a1b78a27578f13a17b -> 
  custom:container-demuxer-webm: 4f35f7cbe854078d1ac9338744f61a02 -> 
  custom:video-encoder-webm-vp8: eb34c28f22e8b96e1ab97ce403110664 -> 
  custom:audio-encoder-webm-vorbis: bf7c407c2cedff20999df2af8eb42d56 -> 
  custom:framework-win-MediaFoundation: 216162199b28c13a410421893ffa2e32 -> 
  custom:container-demuxer-ogg: 62fdf1f143b41e24485cea50d1cbac27 -> 
  custom:video-decoder-webm-vp8: 9c59270c3fd7afecdb556c50c9e8de78 -> 
  custom:audio-decoder-ogg-vorbis: bf7c407c2cedff20999df2af8eb42d56 -> 
========================================================================
Received Prepare
Registering precompiled user dll's ...
Registered in 0.008443 seconds.
Begin MonoManager ReloadAssembly
Symbol file LoadedFromMemory doesn't match image C:\Users\admin\source\repos\MakarovOleg1988\TopDownShooter\Library\PackageCache\com.unity.visualscripting@1.7.8\Editor\VisualScripting.Core\Dependencies\YamlDotNet\Unity.VisualScripting.YamlDotNet.dll
Symbol file LoadedFromMemory doesn't match image C:\Users\admin\source\repos\MakarovOleg1988\TopDownShooter\Library\PackageCache\com.unity.visualscripting@1.7.8\Editor\VisualScripting.Core\Dependencies\DotNetZip\Unity.VisualScripting.IonicZip.dll
Native extension for WindowsStandalone target not found
Native extension for iOS target not found
Native extension for Android target not found
Refreshing native plugins compatible for Editor in 0.78 ms, found 3 plugins.
Preloading 0 native plugins for Editor in 0.00 ms.
Mono: successfully reloaded assembly
- Completed reload, in  1.255 seconds
Domain Reload Profiling:
	ReloadAssembly (1257ms)
		BeginReloadAssembly (142ms)
			ExecutionOrderSort (0ms)
			DisableScriptedObjects (6ms)
			BackupInstance (0ms)
			ReleaseScriptingObjects (0ms)
			CreateAndSetChildDomain (43ms)
		EndReloadAssembly (1008ms)
			LoadAssemblies (93ms)
			RebuildTransferFunctionScriptingTraits (0ms)
			SetupTypeCache (296ms)
			ReleaseScriptCaches (1ms)
			RebuildScriptCaches (47ms)
			SetupLoadedEditorAssemblies (514ms)
				LogAssemblyErrors (0ms)
				InitializePlatformSupportModulesInManaged (34ms)
				SetLoadedEditorAssemblies (1ms)
				RefreshPlugins (1ms)
				BeforeProcessingInitializeOnLoad (92ms)
				ProcessInitializeOnLoadAttributes (348ms)
				ProcessInitializeOnLoadMethodAttributes (30ms)
				AfterProcessingInitializeOnLoad (9ms)
				EditorAssembliesLoaded (0ms)
			ExecutionOrderSort2 (0ms)
			AwakeInstancesAfterBackupRestoration (5ms)
Platform modules already initialized, skipping
Refreshing native plugins compatible for Editor in 2.27 ms, found 3 plugins.
Preloading 0 native plugins for Editor in 0.00 ms.
Unloading 3828 Unused Serialized files (Serialized files now loaded: 0)
Unloading 30 unused Assets / (25.7 KB). Loaded Objects now: 4393.
Memory consumption went from 155.2 MB to 155.1 MB.
Total: 3.440200 ms (FindLiveObjects: 0.285100 ms CreateObjectMapping: 0.164600 ms MarkObjects: 2.943800 ms  DeleteObjects: 0.045900 ms)

AssetImportParameters requested are different than current active one (requested -> active):
  custom:video-decoder-ogg-theora: a1e56fd34408186e4bbccfd4996cb3dc -> 
  custom:container-muxer-webm: aa71ff27fc2769a1b78a27578f13a17b -> 
  custom:container-demuxer-webm: 4f35f7cbe854078d1ac9338744f61a02 -> 
  custom:video-encoder-webm-vp8: eb34c28f22e8b96e1ab97ce403110664 -> 
  custom:audio-encoder-webm-vorbis: bf7c407c2cedff20999df2af8eb42d56 -> 
  custom:framework-win-MediaFoundation: 216162199b28c13a410421893ffa2e32 -> 
  custom:container-demuxer-ogg: 62fdf1f143b41e24485cea50d1cbac27 -> 
  custom:video-decoder-webm-vp8: 9c59270c3fd7afecdb556c50c9e8de78 -> 
  custom:audio-decoder-ogg-vorbis: bf7c407c2cedff20999df2af8eb42d56 -> 
========================================================================
Received Import Request.
  Time since last request: 168.151932 seconds.
  path: Assets/Resources
  artifactKey: Guid(978bcfba247ca9d46bdfc5487cdc7652) Importer(815301076,1909f56bfc062723c751e8b465ee728b)
Start importing Assets/Resources using Guid(978bcfba247ca9d46bdfc5487cdc7652) Importer(815301076,1909f56bfc062723c751e8b465ee728b)  -> (artifact id: '3d872651108efca644565e4272fed8ce') in 0.015222 seconds 
========================================================================
Received Import Request.
  Time since last request: 1.323333 seconds.
  path: Assets/Resources/XML
  artifactKey: Guid(c7df4d1154554734cbde5ab05278dac8) Importer(815301076,1909f56bfc062723c751e8b465ee728b)
Start importing Assets/Resources/XML using Guid(c7df4d1154554734cbde5ab05278dac8) Importer(815301076,1909f56bfc062723c751e8b465ee728b)  -> (artifact id: '58a35bbce4f53ac4945ffdfb656153f4') in 0.007685 seconds 
========================================================================
Received Import Request.
  Time since last request: 0.613233 seconds.
  path: Assets/Resources/XML/Save.xml
  artifactKey: Guid(792c92514ac825047b591955a8bf1e14) Importer(815301076,1909f56bfc062723c751e8b465ee728b)
Start importing Assets/Resources/XML/Save.xml using Guid(792c92514ac825047b591955a8bf1e14) Importer(815301076,1909f56bfc062723c751e8b465ee728b)  -> (artifact id: '86fb35ee13a6cc94f7e0634961685879') in 0.028489 seconds 
========================================================================
Received Import Request.
  Time since last request: 20.589132 seconds.
  path: Assets/Resources/XML/Save.xml
  artifactKey: Guid(792c92514ac825047b591955a8bf1e14) Importer(815301076,1909f56bfc062723c751e8b465ee728b)
Start importing Assets/Resources/XML/Save.xml using Guid(792c92514ac825047b591955a8bf1e14) Importer(815301076,1909f56bfc062723c751e8b465ee728b)  -> (artifact id: 'd31f9684a5f3ce77f90f7bedc0a31849') in 0.002322 seconds 
========================================================================
Received Prepare
Registering precompiled user dll's ...
Registered in 0.008354 seconds.
Begin MonoManager ReloadAssembly
Symbol file LoadedFromMemory doesn't match image C:\Users\admin\source\repos\MakarovOleg1988\TopDownShooter\Library\PackageCache\com.unity.visualscripting@1.7.8\Editor\VisualScripting.Core\Dependencies\YamlDotNet\Unity.VisualScripting.YamlDotNet.dll
Symbol file LoadedFromMemory doesn't match image C:\Users\admin\source\repos\MakarovOleg1988\TopDownShooter\Library\PackageCache\com.unity.visualscripting@1.7.8\Editor\VisualScripting.Core\Dependencies\DotNetZip\Unity.VisualScripting.IonicZip.dll
Native extension for WindowsStandalone target not found
Native extension for iOS target not found
Native extension for Android target not found
Refreshing native plugins compatible for Editor in 0.83 ms, found 3 plugins.
Preloading 0 native plugins for Editor in 0.00 ms.
Mono: successfully reloaded assembly
- Completed reload, in  1.131 seconds
Domain Reload Profiling:
	ReloadAssembly (1131ms)
		BeginReloadAssembly (131ms)
			ExecutionOrderSort (0ms)
			DisableScriptedObjects (5ms)
			BackupInstance (0ms)
			ReleaseScriptingObjects (0ms)
			CreateAndSetChildDomain (38ms)
		EndReloadAssembly (899ms)
			LoadAssemblies (88ms)
			RebuildTransferFunctionScriptingTraits (0ms)
			SetupTypeCache (288ms)
			ReleaseScriptCaches (2ms)
			RebuildScriptCaches (41ms)
			SetupLoadedEditorAssemblies (435ms)
				LogAssemblyErrors (0ms)
				InitializePlatformSupportModulesInManaged (30ms)
				SetLoadedEditorAssemblies (1ms)
				RefreshPlugins (1ms)
				BeforeProcessingInitializeOnLoad (75ms)
				ProcessInitializeOnLoadAttributes (298ms)
				ProcessInitializeOnLoadMethodAttributes (24ms)
				AfterProcessingInitializeOnLoad (7ms)
				EditorAssembliesLoaded (0ms)
			ExecutionOrderSort2 (0ms)
			AwakeInstancesAfterBackupRestoration (4ms)
Platform modules already initialized, skipping
Refreshing native plugins compatible for Editor in 2.23 ms, found 3 plugins.
Preloading 0 native plugins for Editor in 0.00 ms.
Unloading 3828 Unused Serialized files (Serialized files now loaded: 0)
Unloading 30 unused Assets / (24.7 KB). Loaded Objects now: 4396.
Memory consumption went from 155.2 MB to 155.1 MB.
Total: 2.832100 ms (FindLiveObjects: 0.311100 ms CreateObjectMapping: 0.248100 ms MarkObjects: 2.250700 ms  DeleteObjects: 0.021300 ms)

AssetImportParameters requested are different than current active one (requested -> active):
  custom:video-decoder-ogg-theora: a1e56fd34408186e4bbccfd4996cb3dc -> 
  custom:container-muxer-webm: aa71ff27fc2769a1b78a27578f13a17b -> 
  custom:container-demuxer-webm: 4f35f7cbe854078d1ac9338744f61a02 -> 
  custom:video-encoder-webm-vp8: eb34c28f22e8b96e1ab97ce403110664 -> 
  custom:audio-encoder-webm-vorbis: bf7c407c2cedff20999df2af8eb42d56 -> 
  custom:framework-win-MediaFoundation: 216162199b28c13a410421893ffa2e32 -> 
  custom:container-demuxer-ogg: 62fdf1f143b41e24485cea50d1cbac27 -> 
  custom:video-decoder-webm-vp8: 9c59270c3fd7afecdb556c50c9e8de78 -> 
  custom:audio-decoder-ogg-vorbis: bf7c407c2cedff20999df2af8eb42d56 -> 
